<?xml version="1.0" ?>
<!DOCTYPE coverage SYSTEM "http://cobertura.sourceforge.net/xml/coverage-04.dtd">
<coverage lines-valid="332" lines-covered="158" line-rate="0.47590000000000005" branches-valid="223" branches-covered="64" branch-rate="0.2869" timestamp="1757247504388" complexity="0" version="0.1">
  <sources>
    <source>/home/runner/work/MiniMaster/MiniMaster</source>
  </sources>
  <packages>
    <package name="main" line-rate="0.47590000000000005" branch-rate="0.2869">
      <classes>
        <class name="firebase.ts" filename="firebase.ts" line-rate="0.9229999999999999" branch-rate="0.5714">
          <methods>
            <method name="getAdminApp" hits="26" signature="()V">
              <lines>
                <line number="7" hits="26"/>
              </lines>
            </method>
            <method name="(anonymous_1)" hits="26" signature="()V">
              <lines>
                <line number="21" hits="26"/>
              </lines>
            </method>
            <method name="(anonymous_2)" hits="0" signature="()V">
              <lines>
                <line number="22" hits="0"/>
              </lines>
            </method>
            <method name="(anonymous_3)" hits="0" signature="()V">
              <lines>
                <line number="23" hits="0"/>
              </lines>
            </method>
          </methods>
          <lines>
            <line number="1" hits="1" branch="false"/>
            <line number="2" hits="1" branch="false"/>
            <line number="3" hits="1" branch="false"/>
            <line number="4" hits="1" branch="false"/>
            <line number="7" hits="1" branch="false"/>
            <line number="8" hits="26" branch="true" condition-coverage="100% (1/1)"/>
            <line number="10" hits="1" branch="true" condition-coverage="50% (2/4)"/>
            <line number="11" hits="1" branch="true" condition-coverage="50% (1/2)"/>
            <line number="14" hits="0" branch="false"/>
            <line number="17" hits="26" branch="false"/>
            <line number="21" hits="26" branch="false"/>
            <line number="22" hits="1" branch="false"/>
            <line number="23" hits="1" branch="false"/>
          </lines>
        </class>
        <class name="index.ts" filename="index.ts" line-rate="0.4576" branch-rate="0.2777">
          <methods>
            <method name="(anonymous_9)" hits="4" signature="()V">
              <lines>
                <line number="12" hits="4"/>
              </lines>
            </method>
            <method name="(anonymous_10)" hits="6" signature="()V">
              <lines>
                <line number="65" hits="6"/>
              </lines>
            </method>
            <method name="(anonymous_11)" hits="3" signature="()V">
              <lines>
                <line number="157" hits="3"/>
              </lines>
            </method>
            <method name="(anonymous_12)" hits="4" signature="()V">
              <lines>
                <line number="207" hits="4"/>
              </lines>
            </method>
            <method name="(anonymous_13)" hits="5" signature="()V">
              <lines>
                <line number="261" hits="5"/>
              </lines>
            </method>
            <method name="(anonymous_14)" hits="0" signature="()V">
              <lines>
                <line number="318" hits="0"/>
              </lines>
            </method>
            <method name="(anonymous_15)" hits="0" signature="()V">
              <lines>
                <line number="363" hits="0"/>
              </lines>
            </method>
            <method name="(anonymous_16)" hits="0" signature="()V">
              <lines>
                <line number="407" hits="0"/>
              </lines>
            </method>
            <method name="(anonymous_17)" hits="0" signature="()V">
              <lines>
                <line number="452" hits="0"/>
              </lines>
            </method>
            <method name="(anonymous_18)" hits="0" signature="()V">
              <lines>
                <line number="487" hits="0"/>
              </lines>
            </method>
            <method name="(anonymous_19)" hits="0" signature="()V">
              <lines>
                <line number="534" hits="0"/>
              </lines>
            </method>
            <method name="(anonymous_20)" hits="0" signature="()V">
              <lines>
                <line number="571" hits="0"/>
              </lines>
            </method>
            <method name="(anonymous_21)" hits="0" signature="()V">
              <lines>
                <line number="600" hits="0"/>
              </lines>
            </method>
            <method name="(anonymous_22)" hits="0" signature="()V">
              <lines>
                <line number="631" hits="0"/>
              </lines>
            </method>
            <method name="(anonymous_23)" hits="0" signature="()V">
              <lines>
                <line number="648" hits="0"/>
              </lines>
            </method>
            <method name="(anonymous_24)" hits="0" signature="()V">
              <lines>
                <line number="679" hits="0"/>
              </lines>
            </method>
            <method name="verifyPlaySubscription" hits="0" signature="()V">
              <lines>
                <line number="696" hits="0"/>
              </lines>
            </method>
            <method name="(anonymous_26)" hits="3" signature="()V">
              <lines>
                <line number="713" hits="3"/>
              </lines>
            </method>
          </methods>
          <lines>
            <line number="1" hits="1" branch="false"/>
            <line number="2" hits="1" branch="false"/>
            <line number="3" hits="1" branch="false"/>
            <line number="4" hits="1" branch="false"/>
            <line number="5" hits="1" branch="false"/>
            <line number="6" hits="1" branch="false"/>
            <line number="7" hits="1" branch="false"/>
            <line number="12" hits="1" branch="false"/>
            <line number="13" hits="4" branch="false"/>
            <line number="15" hits="4" branch="true" condition-coverage="100% (3/3)"/>
            <line number="16" hits="1" branch="false"/>
            <line number="22" hits="3" branch="false"/>
            <line number="23" hits="3" branch="false"/>
            <line number="25" hits="3" branch="false"/>
            <line number="26" hits="13" branch="false"/>
            <line number="27" hits="13" branch="false"/>
            <line number="29" hits="13" branch="false"/>
            <line number="30" hits="13" branch="false"/>
            <line number="31" hits="13" branch="true" condition-coverage="100% (1/1)"/>
            <line number="32" hits="2" branch="false"/>
            <line number="33" hits="2" branch="false"/>
            <line number="34" hits="2" branch="false"/>
            <line number="36" hits="2" branch="false"/>
            <line number="42" hits="2" branch="false"/>
            <line number="43" hits="2" branch="false"/>
            <line number="46" hits="0" branch="false"/>
            <line number="47" hits="0" branch="false"/>
            <line number="55" hits="1" branch="false"/>
            <line number="65" hits="1" branch="false"/>
            <line number="66" hits="6" branch="false"/>
            <line number="68" hits="6" branch="true" condition-coverage="66.66666666666666% (2/3)"/>
            <line number="69" hits="0" branch="false"/>
            <line number="75" hits="6" branch="false"/>
            <line number="77" hits="6" branch="false"/>
            <line number="78" hits="6" branch="false"/>
            <line number="80" hits="6" branch="true" condition-coverage="100% (1/1)"/>
            <line number="81" hits="1" branch="false"/>
            <line number="82" hits="1" branch="false"/>
            <line number="88" hits="5" branch="false"/>
            <line number="89" hits="5" branch="true" condition-coverage="100% (1/1)"/>
            <line number="90" hits="1" branch="false"/>
            <line number="91" hits="1" branch="false"/>
            <line number="97" hits="4" branch="false"/>
            <line number="98" hits="4" branch="false"/>
            <line number="100" hits="4" branch="true" condition-coverage="100% (3/3)"/>
            <line number="101" hits="1" branch="false"/>
            <line number="102" hits="1" branch="false"/>
            <line number="103" hits="1" branch="false"/>
            <line number="104" hits="1" branch="false"/>
            <line number="110" hits="3" branch="true" condition-coverage="100% (3/3)"/>
            <line number="111" hits="1" branch="false"/>
            <line number="112" hits="1" branch="false"/>
            <line number="113" hits="1" branch="false"/>
            <line number="114" hits="1" branch="false"/>
            <line number="120" hits="2" branch="false"/>
            <line number="122" hits="2" branch="true" condition-coverage="100% (1/1)"/>
            <line number="123" hits="1" branch="false"/>
            <line number="124" hits="1" branch="false"/>
            <line number="125" hits="1" branch="false"/>
            <line number="126" hits="1" branch="false"/>
            <line number="132" hits="1" branch="false"/>
            <line number="133" hits="1" branch="false"/>
            <line number="135" hits="1" branch="false"/>
            <line number="138" hits="5" branch="true" condition-coverage="100% (1/1)"/>
            <line number="139" hits="5" branch="false"/>
            <line number="140" hits="5" branch="false"/>
            <line number="143" hits="0" branch="false"/>
            <line number="144" hits="0" branch="false"/>
            <line number="156" hits="1" branch="false"/>
            <line number="158" hits="3" branch="false"/>
            <line number="159" hits="3" branch="true" condition-coverage="100% (3/3)"/>
            <line number="160" hits="1" branch="false"/>
            <line number="166" hits="2" branch="false"/>
            <line number="168" hits="2" branch="false"/>
            <line number="169" hits="2" branch="false"/>
            <line number="170" hits="2" branch="true" condition-coverage="100% (1/1)"/>
            <line number="171" hits="1" branch="false"/>
            <line number="177" hits="1" branch="false"/>
            <line number="178" hits="1" branch="false"/>
            <line number="180" hits="1" branch="false"/>
            <line number="186" hits="1" branch="false"/>
            <line number="187" hits="1" branch="false"/>
            <line number="190" hits="1" branch="true" condition-coverage="100% (1/1)"/>
            <line number="191" hits="1" branch="false"/>
            <line number="193" hits="0" branch="false"/>
            <line number="194" hits="0" branch="false"/>
            <line number="206" hits="1" branch="false"/>
            <line number="208" hits="4" branch="false"/>
            <line number="210" hits="4" branch="true" condition-coverage="100% (5/5)"/>
            <line number="211" hits="2" branch="false"/>
            <line number="217" hits="2" branch="false"/>
            <line number="219" hits="2" branch="false"/>
            <line number="220" hits="2" branch="false"/>
            <line number="221" hits="2" branch="true" condition-coverage="85.71428571428571% (6/7)"/>
            <line number="222" hits="1" branch="false"/>
            <line number="228" hits="1" branch="false"/>
            <line number="229" hits="1" branch="false"/>
            <line number="230" hits="1" branch="false"/>
            <line number="231" hits="1" branch="false"/>
            <line number="233" hits="1" branch="false"/>
            <line number="234" hits="1" branch="false"/>
            <line number="240" hits="1" branch="false"/>
            <line number="241" hits="1" branch="false"/>
            <line number="244" hits="1" branch="true" condition-coverage="100% (1/1)"/>
            <line number="245" hits="1" branch="false"/>
            <line number="247" hits="0" branch="false"/>
            <line number="248" hits="0" branch="false"/>
            <line number="260" hits="1" branch="false"/>
            <line number="262" hits="5" branch="false"/>
            <line number="264" hits="5" branch="true" condition-coverage="100% (1/1)"/>
            <line number="270" hits="1" branch="false"/>
            <line number="276" hits="4" branch="false"/>
            <line number="277" hits="4" branch="false"/>
            <line number="278" hits="4" branch="true" condition-coverage="85.71428571428571% (6/7)"/>
            <line number="279" hits="1" branch="false"/>
            <line number="285" hits="3" branch="false"/>
            <line number="286" hits="3" branch="false"/>
            <line number="287" hits="3" branch="true" condition-coverage="85.71428571428571% (6/7)"/>
            <line number="288" hits="1" branch="false"/>
            <line number="294" hits="2" branch="false"/>
            <line number="295" hits="2" branch="false"/>
            <line number="300" hits="2" branch="false"/>
            <line number="301" hits="2" branch="false"/>
            <line number="304" hits="0" branch="false"/>
            <line number="305" hits="0" branch="false"/>
            <line number="317" hits="1" branch="false"/>
            <line number="319" hits="0" branch="false"/>
            <line number="321" hits="0" branch="true" condition-coverage="0% (0/1)"/>
            <line number="327" hits="0" branch="false"/>
            <line number="333" hits="0" branch="false"/>
            <line number="334" hits="0" branch="false"/>
            <line number="335" hits="0" branch="true" condition-coverage="0% (0/7)"/>
            <line number="336" hits="0" branch="false"/>
            <line number="339" hits="0" branch="false"/>
            <line number="340" hits="0" branch="false"/>
            <line number="341" hits="0" branch="true" condition-coverage="0% (0/7)"/>
            <line number="342" hits="0" branch="false"/>
            <line number="345" hits="0" branch="false"/>
            <line number="346" hits="0" branch="false"/>
            <line number="350" hits="0" branch="false"/>
            <line number="351" hits="0" branch="false"/>
            <line number="353" hits="0" branch="false"/>
            <line number="354" hits="0" branch="false"/>
            <line number="362" hits="1" branch="false"/>
            <line number="364" hits="0" branch="false"/>
            <line number="365" hits="0" branch="true" condition-coverage="0% (0/1)"/>
            <line number="371" hits="0" branch="false"/>
            <line number="377" hits="0" branch="false"/>
            <line number="378" hits="0" branch="false"/>
            <line number="379" hits="0" branch="true" condition-coverage="0% (0/7)"/>
            <line number="380" hits="0" branch="false"/>
            <line number="383" hits="0" branch="false"/>
            <line number="384" hits="0" branch="false"/>
            <line number="385" hits="0" branch="true" condition-coverage="0% (0/7)"/>
            <line number="386" hits="0" branch="false"/>
            <line number="389" hits="0" branch="false"/>
            <line number="390" hits="0" branch="false"/>
            <line number="394" hits="0" branch="false"/>
            <line number="395" hits="0" branch="false"/>
            <line number="397" hits="0" branch="false"/>
            <line number="398" hits="0" branch="false"/>
            <line number="406" hits="1" branch="false"/>
            <line number="408" hits="0" branch="false"/>
            <line number="410" hits="0" branch="true" condition-coverage="0% (0/3)"/>
            <line number="411" hits="0" branch="false"/>
            <line number="417" hits="0" branch="false"/>
            <line number="419" hits="0" branch="false"/>
            <line number="420" hits="0" branch="false"/>
            <line number="421" hits="0" branch="true" condition-coverage="0% (0/1)"/>
            <line number="422" hits="0" branch="false"/>
            <line number="428" hits="0" branch="false"/>
            <line number="432" hits="0" branch="false"/>
            <line number="435" hits="0" branch="true" condition-coverage="0% (0/1)"/>
            <line number="436" hits="0" branch="false"/>
            <line number="438" hits="0" branch="false"/>
            <line number="439" hits="0" branch="false"/>
            <line number="451" hits="1" branch="false"/>
            <line number="453" hits="0" branch="false"/>
            <line number="455" hits="0" branch="true" condition-coverage="0% (0/5)"/>
            <line number="456" hits="0" branch="false"/>
            <line number="462" hits="0" branch="false"/>
            <line number="464" hits="0" branch="false"/>
            <line number="465" hits="0" branch="false"/>
            <line number="466" hits="0" branch="true" condition-coverage="0% (0/1)"/>
            <line number="467" hits="0" branch="false"/>
            <line number="470" hits="0" branch="false"/>
            <line number="471" hits="0" branch="false"/>
            <line number="472" hits="0" branch="false"/>
            <line number="475" hits="0" branch="true" condition-coverage="0% (0/1)"/>
            <line number="476" hits="0" branch="false"/>
            <line number="478" hits="0" branch="false"/>
            <line number="479" hits="0" branch="false"/>
            <line number="487" hits="1" branch="false"/>
            <line number="488" hits="0" branch="false"/>
            <line number="489" hits="0" branch="true" condition-coverage="0% (0/4)"/>
            <line number="490" hits="0" branch="true" condition-coverage="0% (0/4)"/>
            <line number="492" hits="0" branch="true" condition-coverage="0% (0/3)"/>
            <line number="493" hits="0" branch="false"/>
            <line number="494" hits="0" branch="false"/>
            <line number="497" hits="0" branch="false"/>
            <line number="499" hits="0" branch="true" condition-coverage="0% (0/1)"/>
            <line number="500" hits="0" branch="false"/>
            <line number="501" hits="0" branch="false"/>
            <line number="504" hits="0" branch="false"/>
            <line number="505" hits="0" branch="false"/>
            <line number="506" hits="0" branch="false"/>
            <line number="508" hits="0" branch="true" condition-coverage="0% (0/4)"/>
            <line number="509" hits="0" branch="false"/>
            <line number="510" hits="0" branch="false"/>
            <line number="517" hits="0" branch="false"/>
            <line number="518" hits="0" branch="false"/>
            <line number="522" hits="0" branch="false"/>
            <line number="523" hits="0" branch="false"/>
            <line number="525" hits="0" branch="false"/>
            <line number="533" hits="1" branch="false"/>
            <line number="535" hits="0" branch="false"/>
            <line number="537" hits="0" branch="true" condition-coverage="0% (0/6)"/>
            <line number="538" hits="0" branch="false"/>
            <line number="541" hits="0" branch="false"/>
            <line number="542" hits="0" branch="false"/>
            <line number="543" hits="0" branch="true" condition-coverage="0% (0/7)"/>
            <line number="544" hits="0" branch="false"/>
            <line number="547" hits="0" branch="false"/>
            <line number="548" hits="0" branch="false"/>
            <line number="549" hits="0" branch="true" condition-coverage="0% (0/7)"/>
            <line number="550" hits="0" branch="false"/>
            <line number="553" hits="0" branch="false"/>
            <line number="554" hits="0" branch="false"/>
            <line number="562" hits="0" branch="false"/>
            <line number="563" hits="0" branch="false"/>
            <line number="570" hits="1" branch="false"/>
            <line number="572" hits="0" branch="false"/>
            <line number="574" hits="0" branch="true" condition-coverage="0% (0/4)"/>
            <line number="575" hits="0" branch="false"/>
            <line number="578" hits="0" branch="false"/>
            <line number="580" hits="0" branch="false"/>
            <line number="581" hits="0" branch="true" condition-coverage="0% (0/1)"/>
            <line number="582" hits="0" branch="false"/>
            <line number="585" hits="0" branch="false"/>
            <line number="591" hits="0" branch="false"/>
            <line number="592" hits="0" branch="false"/>
            <line number="599" hits="1" branch="false"/>
            <line number="601" hits="0" branch="false"/>
            <line number="603" hits="0" branch="true" condition-coverage="0% (0/5)"/>
            <line number="604" hits="0" branch="false"/>
            <line number="607" hits="0" branch="false"/>
            <line number="608" hits="0" branch="false"/>
            <line number="609" hits="0" branch="true" condition-coverage="0% (0/7)"/>
            <line number="610" hits="0" branch="false"/>
            <line number="613" hits="0" branch="false"/>
            <line number="614" hits="0" branch="false"/>
            <line number="615" hits="0" branch="true" condition-coverage="0% (0/7)"/>
            <line number="616" hits="0" branch="false"/>
            <line number="619" hits="0" branch="false"/>
            <line number="620" hits="0" branch="false"/>
            <line number="622" hits="0" branch="false"/>
            <line number="623" hits="0" branch="false"/>
            <line number="630" hits="1" branch="false"/>
            <line number="632" hits="0" branch="false"/>
            <line number="634" hits="0" branch="true" condition-coverage="0% (0/5)"/>
            <line number="635" hits="0" branch="false"/>
            <line number="638" hits="0" branch="false"/>
            <line number="639" hits="0" branch="false"/>
            <line number="640" hits="0" branch="true" condition-coverage="0% (0/7)"/>
            <line number="641" hits="0" branch="false"/>
            <line number="644" hits="0" branch="false"/>
            <line number="649" hits="0" branch="false"/>
            <line number="650" hits="0" branch="false"/>
            <line number="653" hits="0" branch="true" condition-coverage="0% (0/2)"/>
            <line number="654" hits="0" branch="false"/>
            <line number="655" hits="0" branch="false"/>
            <line number="656" hits="0" branch="false"/>
            <line number="658" hits="0" branch="false"/>
            <line number="666" hits="0" branch="false"/>
            <line number="667" hits="0" branch="false"/>
            <line number="669" hits="0" branch="false"/>
            <line number="670" hits="0" branch="false"/>
            <line number="678" hits="1" branch="false"/>
            <line number="680" hits="0" branch="false"/>
            <line number="681" hits="0" branch="true" condition-coverage="0% (0/3)"/>
            <line number="682" hits="0" branch="false"/>
            <line number="685" hits="0" branch="false"/>
            <line number="686" hits="0" branch="false"/>
            <line number="687" hits="0" branch="true" condition-coverage="0% (0/7)"/>
            <line number="688" hits="0" branch="false"/>
            <line number="691" hits="0" branch="true" condition-coverage="0% (0/6)"/>
            <line number="692" hits="0" branch="false"/>
            <line number="697" hits="0" branch="false"/>
            <line number="700" hits="0" branch="false"/>
            <line number="701" hits="0" branch="false"/>
            <line number="704" hits="0" branch="false"/>
            <line number="705" hits="0" branch="true" condition-coverage="0% (0/3)"/>
            <line number="712" hits="1" branch="false"/>
            <line number="714" hits="3" branch="false"/>
            <line number="716" hits="3" branch="true" condition-coverage="80% (4/5)"/>
            <line number="717" hits="0" branch="false"/>
            <line number="723" hits="3" branch="false"/>
            <line number="725" hits="3" branch="false"/>
            <line number="726" hits="3" branch="false"/>
            <line number="728" hits="3" branch="true" condition-coverage="100% (1/1)"/>
            <line number="729" hits="1" branch="false"/>
            <line number="732" hits="2" branch="false"/>
            <line number="733" hits="2" branch="true" condition-coverage="0% (0/1)"/>
            <line number="734" hits="0" branch="false"/>
            <line number="735" hits="0" branch="false"/>
            <line number="738" hits="2" branch="false"/>
            <line number="739" hits="2" branch="false"/>
            <line number="740" hits="2" branch="true" condition-coverage="100% (1/1)"/>
            <line number="741" hits="1" branch="false"/>
            <line number="742" hits="1" branch="false"/>
            <line number="745" hits="1" branch="false"/>
            <line number="746" hits="1" branch="false"/>
            <line number="752" hits="1" branch="false"/>
            <line number="754" hits="1" branch="false"/>
            <line number="756" hits="1" branch="false"/>
            <line number="759" hits="2" branch="true" condition-coverage="100% (1/1)"/>
            <line number="760" hits="2" branch="false"/>
            <line number="762" hits="0" branch="false"/>
            <line number="763" hits="0" branch="false"/>
          </lines>
        </class>
      </classes>
    </package>
  </packages>
</coverage>
