{"/app/firebase.ts": {"path":"/app/firebase.ts","statementMap":{"0":{"start":{"line":7,"column":0},"end":{"line":7,"column":16}},"1":{"start":{"line":1,"column":0},"end":{"line":1,"column":80}},"2":{"start":{"line":2,"column":0},"end":{"line":2,"column":56}},"3":{"start":{"line":3,"column":0},"end":{"line":3,"column":46}},"4":{"start":{"line":4,"column":0},"end":{"line":4,"column":52}},"5":{"start":{"line":8,"column":2},"end":{"line":16,"column":3}},"6":{"start":{"line":10,"column":4},"end":{"line":15,"column":5}},"7":{"start":{"line":11,"column":6},"end":{"line":11,"column":78}},"8":{"start":{"line":14,"column":6},"end":{"line":14,"column":58}},"9":{"start":{"line":17,"column":2},"end":{"line":17,"column":22}},"10":{"start":{"line":21,"column":18},"end":{"line":21,"column":51}},"11":{"start":{"line":21,"column":24},"end":{"line":21,"column":51}},"12":{"start":{"line":21,"column":13},"end":{"line":21,"column":18}},"13":{"start":{"line":22,"column":20},"end":{"line":22,"column":48}},"14":{"start":{"line":22,"column":26},"end":{"line":22,"column":48}},"15":{"start":{"line":22,"column":13},"end":{"line":22,"column":20}},"16":{"start":{"line":23,"column":23},"end":{"line":23,"column":54}},"17":{"start":{"line":23,"column":29},"end":{"line":23,"column":54}},"18":{"start":{"line":23,"column":13},"end":{"line":23,"column":23}}},"fnMap":{"0":{"name":"getAdminApp","decl":{"start":{"line":7,"column":16},"end":{"line":7,"column":27}},"loc":{"start":{"line":7,"column":27},"end":{"line":18,"column":1}}},"1":{"name":"(anonymous_1)","decl":{"start":{"line":21,"column":18},"end":{"line":21,"column":21}},"loc":{"start":{"line":21,"column":24},"end":{"line":21,"column":51}}},"2":{"name":"(anonymous_2)","decl":{"start":{"line":22,"column":20},"end":{"line":22,"column":23}},"loc":{"start":{"line":22,"column":26},"end":{"line":22,"column":48}}},"3":{"name":"(anonymous_3)","decl":{"start":{"line":23,"column":23},"end":{"line":23,"column":26}},"loc":{"start":{"line":23,"column":29},"end":{"line":23,"column":54}}}},"branchMap":{"0":{"loc":{"start":{"line":8,"column":2},"end":{"line":16,"column":3}},"type":"if","locations":[{"start":{"line":8,"column":2},"end":{"line":16,"column":3}}]},"1":{"loc":{"start":{"line":10,"column":4},"end":{"line":15,"column":5}},"type":"if","locations":[{"start":{"line":10,"column":4},"end":{"line":15,"column":5}},{"start":{"line":12,"column":11},"end":{"line":15,"column":5}}]},"2":{"loc":{"start":{"line":10,"column":8},"end":{"line":10,"column":84}},"type":"binary-expr","locations":[{"start":{"line":10,"column":8},"end":{"line":10,"column":49}},{"start":{"line":10,"column":53},"end":{"line":10,"column":84}}]},"3":{"loc":{"start":{"line":11,"column":33},"end":{"line":11,"column":74}},"type":"binary-expr","locations":[{"start":{"line":11,"column":33},"end":{"line":11,"column":59}},{"start":{"line":11,"column":63},"end":{"line":11,"column":74}}]}},"s":{"0":1,"1":1,"2":1,"3":1,"4":1,"5":26,"6":1,"7":1,"8":0,"9":26,"10":1,"11":26,"12":1,"13":1,"14":0,"15":1,"16":1,"17":0,"18":1},"f":{"0":26,"1":26,"2":0,"3":0},"b":{"0":[1],"1":[1,0],"2":[1,0],"3":[1,0]}}
,"/app/index.ts": {"path":"/app/index.ts","statementMap":{"0":{"start":{"line":1,"column":0},"end":{"line":1,"column":48}},"1":{"start":{"line":2,"column":0},"end":{"line":2,"column":68}},"2":{"start":{"line":3,"column":0},"end":{"line":3,"column":56}},"3":{"start":{"line":4,"column":0},"end":{"line":4,"column":40}},"4":{"start":{"line":5,"column":0},"end":{"line":5,"column":36}},"5":{"start":{"line":6,"column":0},"end":{"line":6,"column":36}},"6":{"start":{"line":7,"column":0},"end":{"line":7,"column":32}},"7":{"start":{"line":12,"column":13},"end":{"line":59,"column":3}},"8":{"start":{"line":13,"column":19},"end":{"line":13,"column":39}},"9":{"start":{"line":15,"column":2},"end":{"line":20,"column":3}},"10":{"start":{"line":16,"column":4},"end":{"line":19,"column":6}},"11":{"start":{"line":22,"column":26},"end":{"line":22,"column":57}},"12":{"start":{"line":23,"column":22},"end":{"line":23,"column":24}},"13":{"start":{"line":25,"column":2},"end":{"line":53,"column":3}},"14":{"start":{"line":25,"column":21},"end":{"line":25,"column":22}},"15":{"start":{"line":26,"column":24},"end":{"line":26,"column":78}},"16":{"start":{"line":27,"column":30},"end":{"line":27,"column":62}},"17":{"start":{"line":29,"column":4},"end":{"line":52,"column":5}},"18":{"start":{"line":30,"column":18},"end":{"line":30,"column":47}},"19":{"start":{"line":31,"column":6},"end":{"line":44,"column":7}},"20":{"start":{"line":32,"column":20},"end":{"line":32,"column":51}},"21":{"start":{"line":33,"column":33},"end":{"line":33,"column":59}},"22":{"start":{"line":34,"column":26},"end":{"line":34,"column":90}},"23":{"start":{"line":36,"column":8},"end":{"line":40,"column":11}},"24":{"start":{"line":42,"column":8},"end":{"line":42,"column":92}},"25":{"start":{"line":43,"column":8},"end":{"line":43,"column":44}},"26":{"start":{"line":46,"column":6},"end":{"line":46,"column":83}},"27":{"start":{"line":47,"column":6},"end":{"line":51,"column":8}},"28":{"start":{"line":55,"column":2},"end":{"line":58,"column":4}},"29":{"start":{"line":65,"column":13},"end":{"line":151,"column":2}},"30":{"start":{"line":66,"column":23},"end":{"line":66,"column":47}},"31":{"start":{"line":68,"column":2},"end":{"line":73,"column":3}},"32":{"start":{"line":69,"column":4},"end":{"line":72,"column":6}},"33":{"start":{"line":75,"column":25},"end":{"line":75,"column":73}},"34":{"start":{"line":77,"column":2},"end":{"line":149,"column":3}},"35":{"start":{"line":78,"column":16},"end":{"line":78,"column":42}},"36":{"start":{"line":80,"column":4},"end":{"line":86,"column":5}},"37":{"start":{"line":81,"column":6},"end":{"line":81,"column":70}},"38":{"start":{"line":82,"column":6},"end":{"line":85,"column":8}},"39":{"start":{"line":88,"column":21},"end":{"line":88,"column":31}},"40":{"start":{"line":89,"column":4},"end":{"line":95,"column":5}},"41":{"start":{"line":90,"column":6},"end":{"line":90,"column":90}},"42":{"start":{"line":91,"column":6},"end":{"line":94,"column":8}},"43":{"start":{"line":97,"column":22},"end":{"line":97,"column":69}},"44":{"start":{"line":98,"column":20},"end":{"line":98,"column":46}},"45":{"start":{"line":100,"column":4},"end":{"line":108,"column":5}},"46":{"start":{"line":101,"column":8},"end":{"line":101,"column":93}},"47":{"start":{"line":102,"column":8},"end":{"line":102,"column":38}},"48":{"start":{"line":103,"column":8},"end":{"line":103,"column":80}},"49":{"start":{"line":104,"column":8},"end":{"line":107,"column":10}},"50":{"start":{"line":110,"column":4},"end":{"line":118,"column":5}},"51":{"start":{"line":111,"column":8},"end":{"line":111,"column":91}},"52":{"start":{"line":112,"column":8},"end":{"line":112,"column":38}},"53":{"start":{"line":113,"column":8},"end":{"line":113,"column":80}},"54":{"start":{"line":114,"column":8},"end":{"line":117,"column":10}},"55":{"start":{"line":120,"column":16},"end":{"line":120,"column":47}},"56":{"start":{"line":122,"column":4},"end":{"line":130,"column":5}},"57":{"start":{"line":123,"column":6},"end":{"line":123,"column":72}},"58":{"start":{"line":124,"column":6},"end":{"line":124,"column":36}},"59":{"start":{"line":125,"column":6},"end":{"line":125,"column":76}},"60":{"start":{"line":126,"column":6},"end":{"line":129,"column":8}},"61":{"start":{"line":132,"column":4},"end":{"line":132,"column":34}},"62":{"start":{"line":133,"column":4},"end":{"line":133,"column":104}},"63":{"start":{"line":135,"column":4},"end":{"line":135,"column":32}},"64":{"start":{"line":138,"column":4},"end":{"line":141,"column":5}},"65":{"start":{"line":139,"column":8},"end":{"line":139,"column":118}},"66":{"start":{"line":140,"column":8},"end":{"line":140,"column":20}},"67":{"start":{"line":143,"column":4},"end":{"line":143,"column":86}},"68":{"start":{"line":144,"column":4},"end":{"line":148,"column":6}},"69":{"start":{"line":156,"column":13},"end":{"line":201,"column":2}},"70":{"start":{"line":158,"column":16},"end":{"line":158,"column":33}},"71":{"start":{"line":159,"column":2},"end":{"line":164,"column":3}},"72":{"start":{"line":160,"column":4},"end":{"line":163,"column":6}},"73":{"start":{"line":166,"column":26},"end":{"line":166,"column":62}},"74":{"start":{"line":168,"column":2},"end":{"line":199,"column":3}},"75":{"start":{"line":169,"column":16},"end":{"line":169,"column":43}},"76":{"start":{"line":170,"column":4},"end":{"line":175,"column":5}},"77":{"start":{"line":171,"column":6},"end":{"line":174,"column":8}},"78":{"start":{"line":177,"column":22},"end":{"line":177,"column":30}},"79":{"start":{"line":178,"column":16},"end":{"line":178,"column":47}},"80":{"start":{"line":180,"column":4},"end":{"line":184,"column":7}},"81":{"start":{"line":186,"column":4},"end":{"line":186,"column":73}},"82":{"start":{"line":187,"column":4},"end":{"line":187,"column":36}},"83":{"start":{"line":190,"column":4},"end":{"line":192,"column":5}},"84":{"start":{"line":191,"column":6},"end":{"line":191,"column":18}},"85":{"start":{"line":193,"column":4},"end":{"line":193,"column":70}},"86":{"start":{"line":194,"column":4},"end":{"line":198,"column":6}},"87":{"start":{"line":206,"column":13},"end":{"line":255,"column":2}},"88":{"start":{"line":208,"column":30},"end":{"line":208,"column":41}},"89":{"start":{"line":210,"column":2},"end":{"line":215,"column":3}},"90":{"start":{"line":211,"column":4},"end":{"line":214,"column":6}},"91":{"start":{"line":217,"column":26},"end":{"line":217,"column":62}},"92":{"start":{"line":219,"column":2},"end":{"line":253,"column":3}},"93":{"start":{"line":220,"column":16},"end":{"line":220,"column":43}},"94":{"start":{"line":221,"column":4},"end":{"line":226,"column":5}},"95":{"start":{"line":222,"column":6},"end":{"line":225,"column":8}},"96":{"start":{"line":228,"column":25},"end":{"line":228,"column":33}},"97":{"start":{"line":229,"column":16},"end":{"line":229,"column":47}},"98":{"start":{"line":230,"column":29},"end":{"line":230,"column":49}},"99":{"start":{"line":231,"column":22},"end":{"line":231,"column":86}},"100":{"start":{"line":233,"column":21},"end":{"line":233,"column":71}},"101":{"start":{"line":234,"column":4},"end":{"line":238,"column":7}},"102":{"start":{"line":240,"column":4},"end":{"line":240,"column":76}},"103":{"start":{"line":241,"column":4},"end":{"line":241,"column":42}},"104":{"start":{"line":244,"column":4},"end":{"line":246,"column":5}},"105":{"start":{"line":245,"column":6},"end":{"line":245,"column":18}},"106":{"start":{"line":247,"column":4},"end":{"line":247,"column":68}},"107":{"start":{"line":248,"column":4},"end":{"line":252,"column":6}},"108":{"start":{"line":260,"column":13},"end":{"line":312,"column":2}},"109":{"start":{"line":262,"column":59},"end":{"line":262,"column":70}},"110":{"start":{"line":264,"column":4},"end":{"line":274,"column":5}},"111":{"start":{"line":270,"column":6},"end":{"line":273,"column":8}},"112":{"start":{"line":276,"column":28},"end":{"line":276,"column":70}},"113":{"start":{"line":277,"column":22},"end":{"line":277,"column":49}},"114":{"start":{"line":278,"column":4},"end":{"line":283,"column":5}},"115":{"start":{"line":279,"column":6},"end":{"line":282,"column":8}},"116":{"start":{"line":285,"column":27},"end":{"line":285,"column":69}},"117":{"start":{"line":286,"column":21},"end":{"line":286,"column":47}},"118":{"start":{"line":287,"column":4},"end":{"line":292,"column":5}},"119":{"start":{"line":288,"column":6},"end":{"line":291,"column":8}},"120":{"start":{"line":294,"column":4},"end":{"line":310,"column":5}},"121":{"start":{"line":295,"column":6},"end":{"line":298,"column":9}},"122":{"start":{"line":300,"column":6},"end":{"line":300,"column":109}},"123":{"start":{"line":301,"column":6},"end":{"line":301,"column":51}},"124":{"start":{"line":304,"column":6},"end":{"line":304,"column":88}},"125":{"start":{"line":305,"column":6},"end":{"line":309,"column":8}},"126":{"start":{"line":317,"column":13},"end":{"line":357,"column":2}},"127":{"start":{"line":319,"column":63},"end":{"line":319,"column":74}},"128":{"start":{"line":321,"column":4},"end":{"line":331,"column":5}},"129":{"start":{"line":327,"column":6},"end":{"line":330,"column":8}},"130":{"start":{"line":333,"column":28},"end":{"line":333,"column":70}},"131":{"start":{"line":334,"column":22},"end":{"line":334,"column":49}},"132":{"start":{"line":335,"column":4},"end":{"line":337,"column":5}},"133":{"start":{"line":336,"column":6},"end":{"line":336,"column":100}},"134":{"start":{"line":339,"column":27},"end":{"line":339,"column":69}},"135":{"start":{"line":340,"column":21},"end":{"line":340,"column":47}},"136":{"start":{"line":341,"column":4},"end":{"line":343,"column":5}},"137":{"start":{"line":342,"column":6},"end":{"line":342,"column":112}},"138":{"start":{"line":345,"column":4},"end":{"line":355,"column":5}},"139":{"start":{"line":346,"column":6},"end":{"line":349,"column":9}},"140":{"start":{"line":350,"column":6},"end":{"line":350,"column":101}},"141":{"start":{"line":351,"column":6},"end":{"line":351,"column":31}},"142":{"start":{"line":353,"column":6},"end":{"line":353,"column":90}},"143":{"start":{"line":354,"column":6},"end":{"line":354,"column":97}},"144":{"start":{"line":362,"column":13},"end":{"line":401,"column":2}},"145":{"start":{"line":364,"column":61},"end":{"line":364,"column":72}},"146":{"start":{"line":365,"column":4},"end":{"line":375,"column":5}},"147":{"start":{"line":371,"column":6},"end":{"line":374,"column":8}},"148":{"start":{"line":377,"column":28},"end":{"line":377,"column":70}},"149":{"start":{"line":378,"column":22},"end":{"line":378,"column":49}},"150":{"start":{"line":379,"column":4},"end":{"line":381,"column":5}},"151":{"start":{"line":380,"column":6},"end":{"line":380,"column":100}},"152":{"start":{"line":383,"column":27},"end":{"line":383,"column":69}},"153":{"start":{"line":384,"column":21},"end":{"line":384,"column":47}},"154":{"start":{"line":385,"column":4},"end":{"line":387,"column":5}},"155":{"start":{"line":386,"column":6},"end":{"line":386,"column":112}},"156":{"start":{"line":389,"column":4},"end":{"line":399,"column":5}},"157":{"start":{"line":390,"column":6},"end":{"line":393,"column":9}},"158":{"start":{"line":394,"column":6},"end":{"line":394,"column":99}},"159":{"start":{"line":395,"column":6},"end":{"line":395,"column":31}},"160":{"start":{"line":397,"column":6},"end":{"line":397,"column":89}},"161":{"start":{"line":398,"column":6},"end":{"line":398,"column":92}},"162":{"start":{"line":406,"column":13},"end":{"line":446,"column":2}},"163":{"start":{"line":408,"column":26},"end":{"line":408,"column":37}},"164":{"start":{"line":410,"column":4},"end":{"line":415,"column":5}},"165":{"start":{"line":411,"column":6},"end":{"line":414,"column":8}},"166":{"start":{"line":417,"column":27},"end":{"line":417,"column":69}},"167":{"start":{"line":419,"column":4},"end":{"line":444,"column":5}},"168":{"start":{"line":420,"column":23},"end":{"line":420,"column":49}},"169":{"start":{"line":421,"column":6},"end":{"line":426,"column":7}},"170":{"start":{"line":422,"column":8},"end":{"line":425,"column":10}},"171":{"start":{"line":428,"column":6},"end":{"line":430,"column":9}},"172":{"start":{"line":432,"column":6},"end":{"line":432,"column":31}},"173":{"start":{"line":435,"column":6},"end":{"line":437,"column":7}},"174":{"start":{"line":436,"column":8},"end":{"line":436,"column":20}},"175":{"start":{"line":438,"column":6},"end":{"line":438,"column":90}},"176":{"start":{"line":439,"column":6},"end":{"line":443,"column":8}},"177":{"start":{"line":451,"column":13},"end":{"line":482,"column":2}},"178":{"start":{"line":453,"column":33},"end":{"line":453,"column":44}},"179":{"start":{"line":455,"column":4},"end":{"line":460,"column":5}},"180":{"start":{"line":456,"column":6},"end":{"line":459,"column":8}},"181":{"start":{"line":462,"column":27},"end":{"line":462,"column":69}},"182":{"start":{"line":464,"column":4},"end":{"line":480,"column":5}},"183":{"start":{"line":465,"column":18},"end":{"line":465,"column":44}},"184":{"start":{"line":466,"column":6},"end":{"line":468,"column":7}},"185":{"start":{"line":467,"column":10},"end":{"line":467,"column":87}},"186":{"start":{"line":470,"column":6},"end":{"line":470,"column":55}},"187":{"start":{"line":471,"column":6},"end":{"line":471,"column":85}},"188":{"start":{"line":472,"column":6},"end":{"line":472,"column":31}},"189":{"start":{"line":475,"column":8},"end":{"line":477,"column":9}},"190":{"start":{"line":476,"column":12},"end":{"line":476,"column":24}},"191":{"start":{"line":478,"column":8},"end":{"line":478,"column":94}},"192":{"start":{"line":479,"column":8},"end":{"line":479,"column":97}},"193":{"start":{"line":487,"column":13},"end":{"line":528,"column":5}},"194":{"start":{"line":488,"column":20},"end":{"line":488,"column":40}},"195":{"start":{"line":489,"column":20},"end":{"line":489,"column":44}},"196":{"start":{"line":490,"column":20},"end":{"line":490,"column":45}},"197":{"start":{"line":492,"column":4},"end":{"line":495,"column":5}},"198":{"start":{"line":493,"column":6},"end":{"line":493,"column":82}},"199":{"start":{"line":494,"column":6},"end":{"line":494,"column":13}},"200":{"start":{"line":497,"column":21},"end":{"line":497,"column":37}},"201":{"start":{"line":499,"column":4},"end":{"line":502,"column":5}},"202":{"start":{"line":500,"column":6},"end":{"line":500,"column":82}},"203":{"start":{"line":501,"column":6},"end":{"line":501,"column":13}},"204":{"start":{"line":504,"column":24},"end":{"line":504,"column":61}},"205":{"start":{"line":505,"column":29},"end":{"line":505,"column":106}},"206":{"start":{"line":506,"column":25},"end":{"line":506,"column":98}},"207":{"start":{"line":508,"column":4},"end":{"line":527,"column":5}},"208":{"start":{"line":509,"column":8},"end":{"line":509,"column":102}},"209":{"start":{"line":510,"column":24},"end":{"line":515,"column":10}},"210":{"start":{"line":517,"column":8},"end":{"line":526,"column":9}},"211":{"start":{"line":518,"column":28},"end":{"line":521,"column":14}},"212":{"start":{"line":522,"column":12},"end":{"line":522,"column":47}},"213":{"start":{"line":523,"column":12},"end":{"line":523,"column":95}},"214":{"start":{"line":525,"column":12},"end":{"line":525,"column":93}},"215":{"start":{"line":533,"column":13},"end":{"line":565,"column":2}},"216":{"start":{"line":535,"column":75},"end":{"line":535,"column":86}},"217":{"start":{"line":537,"column":4},"end":{"line":539,"column":5}},"218":{"start":{"line":538,"column":6},"end":{"line":538,"column":91}},"219":{"start":{"line":541,"column":28},"end":{"line":541,"column":70}},"220":{"start":{"line":542,"column":22},"end":{"line":542,"column":49}},"221":{"start":{"line":543,"column":4},"end":{"line":545,"column":5}},"222":{"start":{"line":544,"column":6},"end":{"line":544,"column":93}},"223":{"start":{"line":547,"column":27},"end":{"line":547,"column":69}},"224":{"start":{"line":548,"column":21},"end":{"line":548,"column":47}},"225":{"start":{"line":549,"column":4},"end":{"line":551,"column":5}},"226":{"start":{"line":550,"column":6},"end":{"line":550,"column":105}},"227":{"start":{"line":553,"column":20},"end":{"line":553,"column":60}},"228":{"start":{"line":554,"column":4},"end":{"line":560,"column":7}},"229":{"start":{"line":562,"column":4},"end":{"line":562,"column":79}},"230":{"start":{"line":563,"column":4},"end":{"line":563,"column":49}},"231":{"start":{"line":570,"column":13},"end":{"line":594,"column":2}},"232":{"start":{"line":572,"column":44},"end":{"line":572,"column":55}},"233":{"start":{"line":574,"column":4},"end":{"line":576,"column":5}},"234":{"start":{"line":575,"column":6},"end":{"line":575,"column":91}},"235":{"start":{"line":578,"column":20},"end":{"line":578,"column":94}},"236":{"start":{"line":580,"column":20},"end":{"line":580,"column":39}},"237":{"start":{"line":581,"column":4},"end":{"line":583,"column":5}},"238":{"start":{"line":582,"column":8},"end":{"line":582,"column":96}},"239":{"start":{"line":585,"column":4},"end":{"line":589,"column":7}},"240":{"start":{"line":591,"column":4},"end":{"line":591,"column":85}},"241":{"start":{"line":592,"column":4},"end":{"line":592,"column":29}},"242":{"start":{"line":599,"column":13},"end":{"line":625,"column":2}},"243":{"start":{"line":601,"column":57},"end":{"line":601,"column":68}},"244":{"start":{"line":603,"column":4},"end":{"line":605,"column":5}},"245":{"start":{"line":604,"column":6},"end":{"line":604,"column":91}},"246":{"start":{"line":607,"column":28},"end":{"line":607,"column":70}},"247":{"start":{"line":608,"column":22},"end":{"line":608,"column":49}},"248":{"start":{"line":609,"column":4},"end":{"line":611,"column":5}},"249":{"start":{"line":610,"column":6},"end":{"line":610,"column":93}},"250":{"start":{"line":613,"column":27},"end":{"line":613,"column":69}},"251":{"start":{"line":614,"column":21},"end":{"line":614,"column":47}},"252":{"start":{"line":615,"column":4},"end":{"line":617,"column":5}},"253":{"start":{"line":616,"column":6},"end":{"line":616,"column":105}},"254":{"start":{"line":619,"column":20},"end":{"line":619,"column":66}},"255":{"start":{"line":620,"column":4},"end":{"line":620,"column":49}},"256":{"start":{"line":622,"column":4},"end":{"line":622,"column":76}},"257":{"start":{"line":623,"column":4},"end":{"line":623,"column":29}},"258":{"start":{"line":630,"column":13},"end":{"line":673,"column":2}},"259":{"start":{"line":632,"column":58},"end":{"line":632,"column":69}},"260":{"start":{"line":634,"column":4},"end":{"line":636,"column":5}},"261":{"start":{"line":635,"column":6},"end":{"line":635,"column":91}},"262":{"start":{"line":638,"column":28},"end":{"line":638,"column":70}},"263":{"start":{"line":639,"column":22},"end":{"line":639,"column":49}},"264":{"start":{"line":640,"column":4},"end":{"line":642,"column":5}},"265":{"start":{"line":641,"column":6},"end":{"line":641,"column":93}},"266":{"start":{"line":644,"column":28},"end":{"line":651,"column":6}},"267":{"start":{"line":649,"column":8},"end":{"line":649,"column":75}},"268":{"start":{"line":650,"column":8},"end":{"line":650,"column":21}},"269":{"start":{"line":653,"column":4},"end":{"line":671,"column":5}},"270":{"start":{"line":654,"column":18},"end":{"line":654,"column":49}},"271":{"start":{"line":655,"column":31},"end":{"line":655,"column":34}},"272":{"start":{"line":656,"column":24},"end":{"line":656,"column":103}},"273":{"start":{"line":658,"column":6},"end":{"line":665,"column":9}},"274":{"start":{"line":666,"column":6},"end":{"line":666,"column":87}},"275":{"start":{"line":667,"column":6},"end":{"line":667,"column":61}},"276":{"start":{"line":669,"column":6},"end":{"line":669,"column":89}},"277":{"start":{"line":670,"column":6},"end":{"line":670,"column":97}},"278":{"start":{"line":678,"column":13},"end":{"line":694,"column":2}},"279":{"start":{"line":680,"column":38},"end":{"line":680,"column":49}},"280":{"start":{"line":681,"column":4},"end":{"line":683,"column":5}},"281":{"start":{"line":682,"column":6},"end":{"line":682,"column":91}},"282":{"start":{"line":685,"column":28},"end":{"line":685,"column":70}},"283":{"start":{"line":686,"column":22},"end":{"line":686,"column":49}},"284":{"start":{"line":687,"column":4},"end":{"line":689,"column":5}},"285":{"start":{"line":688,"column":6},"end":{"line":688,"column":93}},"286":{"start":{"line":691,"column":25},"end":{"line":691,"column":77}},"287":{"start":{"line":692,"column":4},"end":{"line":692,"column":48}},"288":{"start":{"line":697,"column":15},"end":{"line":699,"column":4}},"289":{"start":{"line":700,"column":27},"end":{"line":700,"column":81}},"290":{"start":{"line":701,"column":14},"end":{"line":703,"column":4}},"291":{"start":{"line":704,"column":15},"end":{"line":704,"column":23}},"292":{"start":{"line":705,"column":2},"end":{"line":705,"column":98}},"293":{"start":{"line":712,"column":13},"end":{"line":770,"column":2}},"294":{"start":{"line":714,"column":38},"end":{"line":714,"column":49}},"295":{"start":{"line":716,"column":2},"end":{"line":721,"column":3}},"296":{"start":{"line":717,"column":4},"end":{"line":720,"column":6}},"297":{"start":{"line":723,"column":19},"end":{"line":723,"column":69}},"298":{"start":{"line":725,"column":2},"end":{"line":768,"column":3}},"299":{"start":{"line":726,"column":21},"end":{"line":726,"column":41}},"300":{"start":{"line":728,"column":4},"end":{"line":730,"column":5}},"301":{"start":{"line":729,"column":6},"end":{"line":729,"column":85}},"302":{"start":{"line":732,"column":22},"end":{"line":732,"column":37}},"303":{"start":{"line":733,"column":4},"end":{"line":736,"column":5}},"304":{"start":{"line":734,"column":6},"end":{"line":734,"column":30}},"305":{"start":{"line":735,"column":6},"end":{"line":735,"column":89}},"306":{"start":{"line":738,"column":22},"end":{"line":738,"column":70}},"307":{"start":{"line":739,"column":16},"end":{"line":739,"column":47}},"308":{"start":{"line":740,"column":4},"end":{"line":743,"column":5}},"309":{"start":{"line":741,"column":6},"end":{"line":741,"column":30}},"310":{"start":{"line":742,"column":6},"end":{"line":742,"column":94}},"311":{"start":{"line":745,"column":27},"end":{"line":745,"column":69}},"312":{"start":{"line":746,"column":4},"end":{"line":750,"column":7}},"313":{"start":{"line":752,"column":4},"end":{"line":752,"column":28}},"314":{"start":{"line":754,"column":4},"end":{"line":754,"column":112}},"315":{"start":{"line":756,"column":4},"end":{"line":756,"column":45}},"316":{"start":{"line":759,"column":4},"end":{"line":761,"column":5}},"317":{"start":{"line":760,"column":6},"end":{"line":760,"column":18}},"318":{"start":{"line":762,"column":4},"end":{"line":762,"column":69}},"319":{"start":{"line":763,"column":4},"end":{"line":767,"column":6}}},"fnMap":{"0":{"name":"(anonymous_9)","decl":{"start":{"line":12,"column":56},"end":{"line":12,"column":61}},"loc":{"start":{"line":12,"column":81},"end":{"line":59,"column":1}}},"1":{"name":"(anonymous_10)","decl":{"start":{"line":65,"column":58},"end":{"line":65,"column":63}},"loc":{"start":{"line":65,"column":83},"end":{"line":150,"column":3}}},"2":{"name":"(anonymous_11)","decl":{"start":{"line":157,"column":2},"end":{"line":157,"column":7}},"loc":{"start":{"line":157,"column":37},"end":{"line":200,"column":3}}},"3":{"name":"(anonymous_12)","decl":{"start":{"line":207,"column":2},"end":{"line":207,"column":7}},"loc":{"start":{"line":207,"column":37},"end":{"line":254,"column":3}}},"4":{"name":"(anonymous_13)","decl":{"start":{"line":261,"column":2},"end":{"line":261,"column":7}},"loc":{"start":{"line":261,"column":37},"end":{"line":311,"column":3}}},"5":{"name":"(anonymous_14)","decl":{"start":{"line":318,"column":2},"end":{"line":318,"column":7}},"loc":{"start":{"line":318,"column":37},"end":{"line":356,"column":3}}},"6":{"name":"(anonymous_15)","decl":{"start":{"line":363,"column":2},"end":{"line":363,"column":7}},"loc":{"start":{"line":363,"column":37},"end":{"line":400,"column":3}}},"7":{"name":"(anonymous_16)","decl":{"start":{"line":407,"column":2},"end":{"line":407,"column":7}},"loc":{"start":{"line":407,"column":37},"end":{"line":445,"column":3}}},"8":{"name":"(anonymous_17)","decl":{"start":{"line":452,"column":2},"end":{"line":452,"column":7}},"loc":{"start":{"line":452,"column":37},"end":{"line":481,"column":3}}},"9":{"name":"(anonymous_18)","decl":{"start":{"line":487,"column":77},"end":{"line":487,"column":82}},"loc":{"start":{"line":487,"column":93},"end":{"line":528,"column":3}}},"10":{"name":"(anonymous_19)","decl":{"start":{"line":534,"column":2},"end":{"line":534,"column":7}},"loc":{"start":{"line":534,"column":37},"end":{"line":564,"column":3}}},"11":{"name":"(anonymous_20)","decl":{"start":{"line":571,"column":2},"end":{"line":571,"column":7}},"loc":{"start":{"line":571,"column":37},"end":{"line":593,"column":3}}},"12":{"name":"(anonymous_21)","decl":{"start":{"line":600,"column":2},"end":{"line":600,"column":7}},"loc":{"start":{"line":600,"column":37},"end":{"line":624,"column":3}}},"13":{"name":"(anonymous_22)","decl":{"start":{"line":631,"column":2},"end":{"line":631,"column":7}},"loc":{"start":{"line":631,"column":37},"end":{"line":672,"column":3}}},"14":{"name":"(anonymous_23)","decl":{"start":{"line":648,"column":12},"end":{"line":648,"column":13}},"loc":{"start":{"line":648,"column":18},"end":{"line":651,"column":5}}},"15":{"name":"(anonymous_24)","decl":{"start":{"line":679,"column":2},"end":{"line":679,"column":7}},"loc":{"start":{"line":679,"column":37},"end":{"line":693,"column":3}}},"16":{"name":"verifyPlaySubscription","decl":{"start":{"line":696,"column":15},"end":{"line":696,"column":37}},"loc":{"start":{"line":696,"column":99},"end":{"line":706,"column":1}}},"17":{"name":"(anonymous_26)","decl":{"start":{"line":713,"column":2},"end":{"line":713,"column":7}},"loc":{"start":{"line":713,"column":37},"end":{"line":769,"column":3}}}},"branchMap":{"0":{"loc":{"start":{"line":15,"column":2},"end":{"line":20,"column":3}},"type":"if","locations":[{"start":{"line":15,"column":2},"end":{"line":20,"column":3}}]},"1":{"loc":{"start":{"line":15,"column":6},"end":{"line":15,"column":45}},"type":"binary-expr","locations":[{"start":{"line":15,"column":6},"end":{"line":15,"column":14}},{"start":{"line":15,"column":18},"end":{"line":15,"column":45}}]},"2":{"loc":{"start":{"line":31,"column":6},"end":{"line":44,"column":7}},"type":"if","locations":[{"start":{"line":31,"column":6},"end":{"line":44,"column":7}}]},"3":{"loc":{"start":{"line":68,"column":2},"end":{"line":73,"column":3}},"type":"if","locations":[{"start":{"line":68,"column":2},"end":{"line":73,"column":3}}]},"4":{"loc":{"start":{"line":68,"column":6},"end":{"line":68,"column":53}},"type":"binary-expr","locations":[{"start":{"line":68,"column":6},"end":{"line":68,"column":18}},{"start":{"line":68,"column":22},"end":{"line":68,"column":53}}]},"5":{"loc":{"start":{"line":80,"column":4},"end":{"line":86,"column":5}},"type":"if","locations":[{"start":{"line":80,"column":4},"end":{"line":86,"column":5}}]},"6":{"loc":{"start":{"line":89,"column":4},"end":{"line":95,"column":5}},"type":"if","locations":[{"start":{"line":89,"column":4},"end":{"line":95,"column":5}}]},"7":{"loc":{"start":{"line":100,"column":4},"end":{"line":108,"column":5}},"type":"if","locations":[{"start":{"line":100,"column":4},"end":{"line":108,"column":5}}]},"8":{"loc":{"start":{"line":100,"column":8},"end":{"line":100,"column":71}},"type":"binary-expr","locations":[{"start":{"line":100,"column":8},"end":{"line":100,"column":18}},{"start":{"line":100,"column":22},"end":{"line":100,"column":71}}]},"9":{"loc":{"start":{"line":110,"column":4},"end":{"line":118,"column":5}},"type":"if","locations":[{"start":{"line":110,"column":4},"end":{"line":118,"column":5}}]},"10":{"loc":{"start":{"line":110,"column":8},"end":{"line":110,"column":47}},"type":"binary-expr","locations":[{"start":{"line":110,"column":8},"end":{"line":110,"column":16}},{"start":{"line":110,"column":20},"end":{"line":110,"column":47}}]},"11":{"loc":{"start":{"line":122,"column":4},"end":{"line":130,"column":5}},"type":"if","locations":[{"start":{"line":122,"column":4},"end":{"line":130,"column":5}}]},"12":{"loc":{"start":{"line":138,"column":4},"end":{"line":141,"column":5}},"type":"if","locations":[{"start":{"line":138,"column":4},"end":{"line":141,"column":5}}]},"13":{"loc":{"start":{"line":159,"column":2},"end":{"line":164,"column":3}},"type":"if","locations":[{"start":{"line":159,"column":2},"end":{"line":164,"column":3}}]},"14":{"loc":{"start":{"line":159,"column":6},"end":{"line":159,"column":39}},"type":"binary-expr","locations":[{"start":{"line":159,"column":6},"end":{"line":159,"column":11}},{"start":{"line":159,"column":15},"end":{"line":159,"column":39}}]},"15":{"loc":{"start":{"line":170,"column":4},"end":{"line":175,"column":5}},"type":"if","locations":[{"start":{"line":170,"column":4},"end":{"line":175,"column":5}}]},"16":{"loc":{"start":{"line":190,"column":4},"end":{"line":192,"column":5}},"type":"if","locations":[{"start":{"line":190,"column":4},"end":{"line":192,"column":5}}]},"17":{"loc":{"start":{"line":210,"column":2},"end":{"line":215,"column":3}},"type":"if","locations":[{"start":{"line":210,"column":2},"end":{"line":215,"column":3}}]},"18":{"loc":{"start":{"line":210,"column":6},"end":{"line":210,"column":86}},"type":"binary-expr","locations":[{"start":{"line":210,"column":6},"end":{"line":210,"column":11}},{"start":{"line":210,"column":15},"end":{"line":210,"column":39}},{"start":{"line":210,"column":43},"end":{"line":210,"column":53}},{"start":{"line":210,"column":57},"end":{"line":210,"column":86}}]},"19":{"loc":{"start":{"line":221,"column":4},"end":{"line":226,"column":5}},"type":"if","locations":[{"start":{"line":221,"column":4},"end":{"line":226,"column":5}}]},"20":{"loc":{"start":{"line":221,"column":8},"end":{"line":221,"column":58}},"type":"binary-expr","locations":[{"start":{"line":221,"column":8},"end":{"line":221,"column":19}},{"start":{"line":221,"column":23},"end":{"line":221,"column":58}}]},"21":{"loc":{"start":{"line":221,"column":23},"end":{"line":221,"column":44}},"type":"cond-expr","locations":[{"start":{"line":221,"column":33},"end":{"line":221,"column":35}},{"start":{"line":221,"column":33},"end":{"line":221,"column":44}}]},"22":{"loc":{"start":{"line":221,"column":23},"end":{"line":221,"column":35}},"type":"binary-expr","locations":[{"start":{"line":221,"column":23},"end":{"line":221,"column":35}},{"start":{"line":221,"column":33},"end":{"line":221,"column":35}}]},"23":{"loc":{"start":{"line":244,"column":4},"end":{"line":246,"column":5}},"type":"if","locations":[{"start":{"line":244,"column":4},"end":{"line":246,"column":5}}]},"24":{"loc":{"start":{"line":264,"column":4},"end":{"line":274,"column":5}},"type":"if","locations":[{"start":{"line":264,"column":4},"end":{"line":274,"column":5}}]},"25":{"loc":{"start":{"line":265,"column":6},"end":{"line":268,"column":35}},"type":"binary-expr","locations":[{"start":{"line":265,"column":6},"end":{"line":265,"column":17}},{"start":{"line":265,"column":21},"end":{"line":265,"column":51}},{"start":{"line":266,"column":6},"end":{"line":266,"column":16}},{"start":{"line":266,"column":20},"end":{"line":266,"column":49}},{"start":{"line":267,"column":6},"end":{"line":267,"column":16}},{"start":{"line":267,"column":20},"end":{"line":267,"column":49}},{"start":{"line":268,"column":6},"end":{"line":268,"column":35}}]},"26":{"loc":{"start":{"line":278,"column":4},"end":{"line":283,"column":5}},"type":"if","locations":[{"start":{"line":278,"column":4},"end":{"line":283,"column":5}}]},"27":{"loc":{"start":{"line":278,"column":8},"end":{"line":278,"column":70}},"type":"binary-expr","locations":[{"start":{"line":278,"column":8},"end":{"line":278,"column":25}},{"start":{"line":278,"column":29},"end":{"line":278,"column":70}}]},"28":{"loc":{"start":{"line":278,"column":29},"end":{"line":278,"column":56}},"type":"cond-expr","locations":[{"start":{"line":278,"column":45},"end":{"line":278,"column":47}},{"start":{"line":278,"column":45},"end":{"line":278,"column":56}}]},"29":{"loc":{"start":{"line":278,"column":29},"end":{"line":278,"column":47}},"type":"binary-expr","locations":[{"start":{"line":278,"column":29},"end":{"line":278,"column":47}},{"start":{"line":278,"column":45},"end":{"line":278,"column":47}}]},"30":{"loc":{"start":{"line":287,"column":4},"end":{"line":292,"column":5}},"type":"if","locations":[{"start":{"line":287,"column":4},"end":{"line":292,"column":5}}]},"31":{"loc":{"start":{"line":287,"column":8},"end":{"line":287,"column":70}},"type":"binary-expr","locations":[{"start":{"line":287,"column":8},"end":{"line":287,"column":24}},{"start":{"line":287,"column":28},"end":{"line":287,"column":70}}]},"32":{"loc":{"start":{"line":287,"column":28},"end":{"line":287,"column":55}},"type":"cond-expr","locations":[{"start":{"line":287,"column":43},"end":{"line":287,"column":45}},{"start":{"line":287,"column":43},"end":{"line":287,"column":55}}]},"33":{"loc":{"start":{"line":287,"column":28},"end":{"line":287,"column":45}},"type":"binary-expr","locations":[{"start":{"line":287,"column":28},"end":{"line":287,"column":45}},{"start":{"line":287,"column":43},"end":{"line":287,"column":45}}]},"34":{"loc":{"start":{"line":321,"column":4},"end":{"line":331,"column":5}},"type":"if","locations":[{"start":{"line":321,"column":4},"end":{"line":331,"column":5}}]},"35":{"loc":{"start":{"line":322,"column":6},"end":{"line":325,"column":34}},"type":"binary-expr","locations":[{"start":{"line":322,"column":6},"end":{"line":322,"column":17}},{"start":{"line":322,"column":21},"end":{"line":322,"column":51}},{"start":{"line":323,"column":6},"end":{"line":323,"column":16}},{"start":{"line":323,"column":20},"end":{"line":323,"column":49}},{"start":{"line":324,"column":6},"end":{"line":324,"column":16}},{"start":{"line":324,"column":20},"end":{"line":324,"column":49}},{"start":{"line":325,"column":6},"end":{"line":325,"column":34}}]},"36":{"loc":{"start":{"line":335,"column":4},"end":{"line":337,"column":5}},"type":"if","locations":[{"start":{"line":335,"column":4},"end":{"line":337,"column":5}}]},"37":{"loc":{"start":{"line":335,"column":8},"end":{"line":335,"column":70}},"type":"binary-expr","locations":[{"start":{"line":335,"column":8},"end":{"line":335,"column":25}},{"start":{"line":335,"column":29},"end":{"line":335,"column":70}}]},"38":{"loc":{"start":{"line":335,"column":29},"end":{"line":335,"column":56}},"type":"cond-expr","locations":[{"start":{"line":335,"column":45},"end":{"line":335,"column":47}},{"start":{"line":335,"column":45},"end":{"line":335,"column":56}}]},"39":{"loc":{"start":{"line":335,"column":29},"end":{"line":335,"column":47}},"type":"binary-expr","locations":[{"start":{"line":335,"column":29},"end":{"line":335,"column":47}},{"start":{"line":335,"column":45},"end":{"line":335,"column":47}}]},"40":{"loc":{"start":{"line":341,"column":4},"end":{"line":343,"column":5}},"type":"if","locations":[{"start":{"line":341,"column":4},"end":{"line":343,"column":5}}]},"41":{"loc":{"start":{"line":341,"column":8},"end":{"line":341,"column":70}},"type":"binary-expr","locations":[{"start":{"line":341,"column":8},"end":{"line":341,"column":24}},{"start":{"line":341,"column":28},"end":{"line":341,"column":70}}]},"42":{"loc":{"start":{"line":341,"column":28},"end":{"line":341,"column":55}},"type":"cond-expr","locations":[{"start":{"line":341,"column":43},"end":{"line":341,"column":45}},{"start":{"line":341,"column":43},"end":{"line":341,"column":55}}]},"43":{"loc":{"start":{"line":341,"column":28},"end":{"line":341,"column":45}},"type":"binary-expr","locations":[{"start":{"line":341,"column":28},"end":{"line":341,"column":45}},{"start":{"line":341,"column":43},"end":{"line":341,"column":45}}]},"44":{"loc":{"start":{"line":365,"column":4},"end":{"line":375,"column":5}},"type":"if","locations":[{"start":{"line":365,"column":4},"end":{"line":375,"column":5}}]},"45":{"loc":{"start":{"line":366,"column":6},"end":{"line":369,"column":59}},"type":"binary-expr","locations":[{"start":{"line":366,"column":6},"end":{"line":366,"column":17}},{"start":{"line":366,"column":21},"end":{"line":366,"column":51}},{"start":{"line":367,"column":6},"end":{"line":367,"column":16}},{"start":{"line":367,"column":20},"end":{"line":367,"column":49}},{"start":{"line":368,"column":6},"end":{"line":368,"column":16}},{"start":{"line":368,"column":20},"end":{"line":368,"column":49}},{"start":{"line":369,"column":6},"end":{"line":369,"column":36}},{"start":{"line":369,"column":40},"end":{"line":369,"column":59}}]},"46":{"loc":{"start":{"line":379,"column":4},"end":{"line":381,"column":5}},"type":"if","locations":[{"start":{"line":379,"column":4},"end":{"line":381,"column":5}}]},"47":{"loc":{"start":{"line":379,"column":8},"end":{"line":379,"column":70}},"type":"binary-expr","locations":[{"start":{"line":379,"column":8},"end":{"line":379,"column":25}},{"start":{"line":379,"column":29},"end":{"line":379,"column":70}}]},"48":{"loc":{"start":{"line":379,"column":29},"end":{"line":379,"column":56}},"type":"cond-expr","locations":[{"start":{"line":379,"column":45},"end":{"line":379,"column":47}},{"start":{"line":379,"column":45},"end":{"line":379,"column":56}}]},"49":{"loc":{"start":{"line":379,"column":29},"end":{"line":379,"column":47}},"type":"binary-expr","locations":[{"start":{"line":379,"column":29},"end":{"line":379,"column":47}},{"start":{"line":379,"column":45},"end":{"line":379,"column":47}}]},"50":{"loc":{"start":{"line":385,"column":4},"end":{"line":387,"column":5}},"type":"if","locations":[{"start":{"line":385,"column":4},"end":{"line":387,"column":5}}]},"51":{"loc":{"start":{"line":385,"column":8},"end":{"line":385,"column":70}},"type":"binary-expr","locations":[{"start":{"line":385,"column":8},"end":{"line":385,"column":24}},{"start":{"line":385,"column":28},"end":{"line":385,"column":70}}]},"52":{"loc":{"start":{"line":385,"column":28},"end":{"line":385,"column":55}},"type":"cond-expr","locations":[{"start":{"line":385,"column":43},"end":{"line":385,"column":45}},{"start":{"line":385,"column":43},"end":{"line":385,"column":55}}]},"53":{"loc":{"start":{"line":385,"column":28},"end":{"line":385,"column":45}},"type":"binary-expr","locations":[{"start":{"line":385,"column":28},"end":{"line":385,"column":45}},{"start":{"line":385,"column":43},"end":{"line":385,"column":45}}]},"54":{"loc":{"start":{"line":410,"column":4},"end":{"line":415,"column":5}},"type":"if","locations":[{"start":{"line":410,"column":4},"end":{"line":415,"column":5}}]},"55":{"loc":{"start":{"line":410,"column":8},"end":{"line":410,"column":51}},"type":"binary-expr","locations":[{"start":{"line":410,"column":8},"end":{"line":410,"column":18}},{"start":{"line":410,"column":22},"end":{"line":410,"column":51}}]},"56":{"loc":{"start":{"line":421,"column":6},"end":{"line":426,"column":7}},"type":"if","locations":[{"start":{"line":421,"column":6},"end":{"line":426,"column":7}}]},"57":{"loc":{"start":{"line":435,"column":6},"end":{"line":437,"column":7}},"type":"if","locations":[{"start":{"line":435,"column":6},"end":{"line":437,"column":7}}]},"58":{"loc":{"start":{"line":455,"column":4},"end":{"line":460,"column":5}},"type":"if","locations":[{"start":{"line":455,"column":4},"end":{"line":460,"column":5}}]},"59":{"loc":{"start":{"line":455,"column":8},"end":{"line":455,"column":90}},"type":"binary-expr","locations":[{"start":{"line":455,"column":8},"end":{"line":455,"column":18}},{"start":{"line":455,"column":22},"end":{"line":455,"column":51}},{"start":{"line":455,"column":55},"end":{"line":455,"column":61}},{"start":{"line":455,"column":65},"end":{"line":455,"column":90}}]},"60":{"loc":{"start":{"line":466,"column":6},"end":{"line":468,"column":7}},"type":"if","locations":[{"start":{"line":466,"column":6},"end":{"line":468,"column":7}}]},"61":{"loc":{"start":{"line":475,"column":8},"end":{"line":477,"column":9}},"type":"if","locations":[{"start":{"line":475,"column":8},"end":{"line":477,"column":9}}]},"62":{"loc":{"start":{"line":489,"column":20},"end":{"line":489,"column":44}},"type":"cond-expr","locations":[{"start":{"line":489,"column":30},"end":{"line":489,"column":32}},{"start":{"line":489,"column":30},"end":{"line":489,"column":44}}]},"63":{"loc":{"start":{"line":489,"column":20},"end":{"line":489,"column":32}},"type":"binary-expr","locations":[{"start":{"line":489,"column":20},"end":{"line":489,"column":32}},{"start":{"line":489,"column":30},"end":{"line":489,"column":32}}]},"64":{"loc":{"start":{"line":490,"column":20},"end":{"line":490,"column":45}},"type":"cond-expr","locations":[{"start":{"line":490,"column":30},"end":{"line":490,"column":32}},{"start":{"line":490,"column":30},"end":{"line":490,"column":45}}]},"65":{"loc":{"start":{"line":490,"column":20},"end":{"line":490,"column":32}},"type":"binary-expr","locations":[{"start":{"line":490,"column":20},"end":{"line":490,"column":32}},{"start":{"line":490,"column":30},"end":{"line":490,"column":32}}]},"66":{"loc":{"start":{"line":492,"column":4},"end":{"line":495,"column":5}},"type":"if","locations":[{"start":{"line":492,"column":4},"end":{"line":495,"column":5}}]},"67":{"loc":{"start":{"line":492,"column":8},"end":{"line":492,"column":28}},"type":"binary-expr","locations":[{"start":{"line":492,"column":8},"end":{"line":492,"column":16}},{"start":{"line":492,"column":20},"end":{"line":492,"column":28}}]},"68":{"loc":{"start":{"line":499,"column":4},"end":{"line":502,"column":5}},"type":"if","locations":[{"start":{"line":499,"column":4},"end":{"line":502,"column":5}}]},"69":{"loc":{"start":{"line":508,"column":4},"end":{"line":527,"column":5}},"type":"if","locations":[{"start":{"line":508,"column":4},"end":{"line":527,"column":5}}]},"70":{"loc":{"start":{"line":508,"column":8},"end":{"line":508,"column":55}},"type":"binary-expr","locations":[{"start":{"line":508,"column":8},"end":{"line":508,"column":19}},{"start":{"line":508,"column":23},"end":{"line":508,"column":39}},{"start":{"line":508,"column":43},"end":{"line":508,"column":55}}]},"71":{"loc":{"start":{"line":537,"column":4},"end":{"line":539,"column":5}},"type":"if","locations":[{"start":{"line":537,"column":4},"end":{"line":539,"column":5}}]},"72":{"loc":{"start":{"line":537,"column":8},"end":{"line":537,"column":79}},"type":"binary-expr","locations":[{"start":{"line":537,"column":8},"end":{"line":537,"column":19}},{"start":{"line":537,"column":23},"end":{"line":537,"column":33}},{"start":{"line":537,"column":37},"end":{"line":537,"column":47}},{"start":{"line":537,"column":51},"end":{"line":537,"column":63}},{"start":{"line":537,"column":67},"end":{"line":537,"column":79}}]},"73":{"loc":{"start":{"line":543,"column":4},"end":{"line":545,"column":5}},"type":"if","locations":[{"start":{"line":543,"column":4},"end":{"line":545,"column":5}}]},"74":{"loc":{"start":{"line":543,"column":8},"end":{"line":543,"column":70}},"type":"binary-expr","locations":[{"start":{"line":543,"column":8},"end":{"line":543,"column":25}},{"start":{"line":543,"column":29},"end":{"line":543,"column":70}}]},"75":{"loc":{"start":{"line":543,"column":29},"end":{"line":543,"column":56}},"type":"cond-expr","locations":[{"start":{"line":543,"column":45},"end":{"line":543,"column":47}},{"start":{"line":543,"column":45},"end":{"line":543,"column":56}}]},"76":{"loc":{"start":{"line":543,"column":29},"end":{"line":543,"column":47}},"type":"binary-expr","locations":[{"start":{"line":543,"column":29},"end":{"line":543,"column":47}},{"start":{"line":543,"column":45},"end":{"line":543,"column":47}}]},"77":{"loc":{"start":{"line":549,"column":4},"end":{"line":551,"column":5}},"type":"if","locations":[{"start":{"line":549,"column":4},"end":{"line":551,"column":5}}]},"78":{"loc":{"start":{"line":549,"column":8},"end":{"line":549,"column":70}},"type":"binary-expr","locations":[{"start":{"line":549,"column":8},"end":{"line":549,"column":24}},{"start":{"line":549,"column":28},"end":{"line":549,"column":70}}]},"79":{"loc":{"start":{"line":549,"column":28},"end":{"line":549,"column":55}},"type":"cond-expr","locations":[{"start":{"line":549,"column":43},"end":{"line":549,"column":45}},{"start":{"line":549,"column":43},"end":{"line":549,"column":55}}]},"80":{"loc":{"start":{"line":549,"column":28},"end":{"line":549,"column":45}},"type":"binary-expr","locations":[{"start":{"line":549,"column":28},"end":{"line":549,"column":45}},{"start":{"line":549,"column":43},"end":{"line":549,"column":45}}]},"81":{"loc":{"start":{"line":574,"column":4},"end":{"line":576,"column":5}},"type":"if","locations":[{"start":{"line":574,"column":4},"end":{"line":576,"column":5}}]},"82":{"loc":{"start":{"line":574,"column":8},"end":{"line":574,"column":42}},"type":"binary-expr","locations":[{"start":{"line":574,"column":8},"end":{"line":574,"column":18}},{"start":{"line":574,"column":22},"end":{"line":574,"column":29}},{"start":{"line":574,"column":33},"end":{"line":574,"column":42}}]},"83":{"loc":{"start":{"line":581,"column":4},"end":{"line":583,"column":5}},"type":"if","locations":[{"start":{"line":581,"column":4},"end":{"line":583,"column":5}}]},"84":{"loc":{"start":{"line":603,"column":4},"end":{"line":605,"column":5}},"type":"if","locations":[{"start":{"line":603,"column":4},"end":{"line":605,"column":5}}]},"85":{"loc":{"start":{"line":603,"column":8},"end":{"line":603,"column":58}},"type":"binary-expr","locations":[{"start":{"line":603,"column":8},"end":{"line":603,"column":19}},{"start":{"line":603,"column":23},"end":{"line":603,"column":33}},{"start":{"line":603,"column":37},"end":{"line":603,"column":47}},{"start":{"line":603,"column":51},"end":{"line":603,"column":58}}]},"86":{"loc":{"start":{"line":609,"column":4},"end":{"line":611,"column":5}},"type":"if","locations":[{"start":{"line":609,"column":4},"end":{"line":611,"column":5}}]},"87":{"loc":{"start":{"line":609,"column":8},"end":{"line":609,"column":70}},"type":"binary-expr","locations":[{"start":{"line":609,"column":8},"end":{"line":609,"column":25}},{"start":{"line":609,"column":29},"end":{"line":609,"column":70}}]},"88":{"loc":{"start":{"line":609,"column":29},"end":{"line":609,"column":56}},"type":"cond-expr","locations":[{"start":{"line":609,"column":45},"end":{"line":609,"column":47}},{"start":{"line":609,"column":45},"end":{"line":609,"column":56}}]},"89":{"loc":{"start":{"line":609,"column":29},"end":{"line":609,"column":47}},"type":"binary-expr","locations":[{"start":{"line":609,"column":29},"end":{"line":609,"column":47}},{"start":{"line":609,"column":45},"end":{"line":609,"column":47}}]},"90":{"loc":{"start":{"line":615,"column":4},"end":{"line":617,"column":5}},"type":"if","locations":[{"start":{"line":615,"column":4},"end":{"line":617,"column":5}}]},"91":{"loc":{"start":{"line":615,"column":8},"end":{"line":615,"column":70}},"type":"binary-expr","locations":[{"start":{"line":615,"column":8},"end":{"line":615,"column":24}},{"start":{"line":615,"column":28},"end":{"line":615,"column":70}}]},"92":{"loc":{"start":{"line":615,"column":28},"end":{"line":615,"column":55}},"type":"cond-expr","locations":[{"start":{"line":615,"column":43},"end":{"line":615,"column":45}},{"start":{"line":615,"column":43},"end":{"line":615,"column":55}}]},"93":{"loc":{"start":{"line":615,"column":28},"end":{"line":615,"column":45}},"type":"binary-expr","locations":[{"start":{"line":615,"column":28},"end":{"line":615,"column":45}},{"start":{"line":615,"column":43},"end":{"line":615,"column":45}}]},"94":{"loc":{"start":{"line":634,"column":4},"end":{"line":636,"column":5}},"type":"if","locations":[{"start":{"line":634,"column":4},"end":{"line":636,"column":5}}]},"95":{"loc":{"start":{"line":634,"column":8},"end":{"line":634,"column":59}},"type":"binary-expr","locations":[{"start":{"line":634,"column":8},"end":{"line":634,"column":19}},{"start":{"line":634,"column":23},"end":{"line":634,"column":33}},{"start":{"line":634,"column":37},"end":{"line":634,"column":51}},{"start":{"line":634,"column":55},"end":{"line":634,"column":59}}]},"96":{"loc":{"start":{"line":640,"column":4},"end":{"line":642,"column":5}},"type":"if","locations":[{"start":{"line":640,"column":4},"end":{"line":642,"column":5}}]},"97":{"loc":{"start":{"line":640,"column":8},"end":{"line":640,"column":70}},"type":"binary-expr","locations":[{"start":{"line":640,"column":8},"end":{"line":640,"column":25}},{"start":{"line":640,"column":29},"end":{"line":640,"column":70}}]},"98":{"loc":{"start":{"line":640,"column":29},"end":{"line":640,"column":56}},"type":"cond-expr","locations":[{"start":{"line":640,"column":45},"end":{"line":640,"column":47}},{"start":{"line":640,"column":45},"end":{"line":640,"column":56}}]},"99":{"loc":{"start":{"line":640,"column":29},"end":{"line":640,"column":47}},"type":"binary-expr","locations":[{"start":{"line":640,"column":29},"end":{"line":640,"column":47}},{"start":{"line":640,"column":45},"end":{"line":640,"column":47}}]},"100":{"loc":{"start":{"line":653,"column":4},"end":{"line":671,"column":5}},"type":"if","locations":[{"start":{"line":653,"column":4},"end":{"line":671,"column":5}},{"start":{"line":668,"column":11},"end":{"line":671,"column":5}}]},"101":{"loc":{"start":{"line":681,"column":4},"end":{"line":683,"column":5}},"type":"if","locations":[{"start":{"line":681,"column":4},"end":{"line":683,"column":5}}]},"102":{"loc":{"start":{"line":681,"column":8},"end":{"line":681,"column":33}},"type":"binary-expr","locations":[{"start":{"line":681,"column":8},"end":{"line":681,"column":19}},{"start":{"line":681,"column":23},"end":{"line":681,"column":33}}]},"103":{"loc":{"start":{"line":687,"column":4},"end":{"line":689,"column":5}},"type":"if","locations":[{"start":{"line":687,"column":4},"end":{"line":689,"column":5}}]},"104":{"loc":{"start":{"line":687,"column":8},"end":{"line":687,"column":70}},"type":"binary-expr","locations":[{"start":{"line":687,"column":8},"end":{"line":687,"column":25}},{"start":{"line":687,"column":29},"end":{"line":687,"column":70}}]},"105":{"loc":{"start":{"line":687,"column":29},"end":{"line":687,"column":56}},"type":"cond-expr","locations":[{"start":{"line":687,"column":45},"end":{"line":687,"column":47}},{"start":{"line":687,"column":45},"end":{"line":687,"column":56}}]},"106":{"loc":{"start":{"line":687,"column":29},"end":{"line":687,"column":47}},"type":"binary-expr","locations":[{"start":{"line":687,"column":29},"end":{"line":687,"column":47}},{"start":{"line":687,"column":45},"end":{"line":687,"column":47}}]},"107":{"loc":{"start":{"line":691,"column":25},"end":{"line":691,"column":77}},"type":"binary-expr","locations":[{"start":{"line":691,"column":25},"end":{"line":691,"column":55}},{"start":{"line":691,"column":59},"end":{"line":691,"column":77}}]},"108":{"loc":{"start":{"line":691,"column":25},"end":{"line":691,"column":55}},"type":"cond-expr","locations":[{"start":{"line":691,"column":41},"end":{"line":691,"column":43}},{"start":{"line":691,"column":41},"end":{"line":691,"column":55}}]},"109":{"loc":{"start":{"line":691,"column":25},"end":{"line":691,"column":43}},"type":"binary-expr","locations":[{"start":{"line":691,"column":25},"end":{"line":691,"column":43}},{"start":{"line":691,"column":41},"end":{"line":691,"column":43}}]},"110":{"loc":{"start":{"line":705,"column":9},"end":{"line":705,"column":97}},"type":"binary-expr","locations":[{"start":{"line":705,"column":9},"end":{"line":705,"column":13}},{"start":{"line":705,"column":18},"end":{"line":705,"column":50}},{"start":{"line":705,"column":55},"end":{"line":705,"column":97}}]},"111":{"loc":{"start":{"line":716,"column":2},"end":{"line":721,"column":3}},"type":"if","locations":[{"start":{"line":716,"column":2},"end":{"line":721,"column":3}}]},"112":{"loc":{"start":{"line":716,"column":6},"end":{"line":716,"column":102}},"type":"binary-expr","locations":[{"start":{"line":716,"column":6},"end":{"line":716,"column":19}},{"start":{"line":716,"column":23},"end":{"line":716,"column":55}},{"start":{"line":716,"column":59},"end":{"line":716,"column":69}},{"start":{"line":716,"column":73},"end":{"line":716,"column":102}}]},"113":{"loc":{"start":{"line":728,"column":4},"end":{"line":730,"column":5}},"type":"if","locations":[{"start":{"line":728,"column":4},"end":{"line":730,"column":5}}]},"114":{"loc":{"start":{"line":733,"column":4},"end":{"line":736,"column":5}},"type":"if","locations":[{"start":{"line":733,"column":4},"end":{"line":736,"column":5}}]},"115":{"loc":{"start":{"line":740,"column":4},"end":{"line":743,"column":5}},"type":"if","locations":[{"start":{"line":740,"column":4},"end":{"line":743,"column":5}}]},"116":{"loc":{"start":{"line":759,"column":4},"end":{"line":761,"column":5}},"type":"if","locations":[{"start":{"line":759,"column":4},"end":{"line":761,"column":5}}]}},"s":{"0":1,"1":1,"2":1,"3":1,"4":1,"5":1,"6":1,"7":1,"8":4,"9":4,"10":1,"11":3,"12":3,"13":3,"14":3,"15":13,"16":13,"17":13,"18":13,"19":13,"20":2,"21":2,"22":2,"23":2,"24":2,"25":2,"26":0,"27":0,"28":1,"29":1,"30":6,"31":6,"32":0,"33":6,"34":6,"35":6,"36":6,"37":1,"38":1,"39":5,"40":5,"41":1,"42":1,"43":4,"44":4,"45":4,"46":1,"47":1,"48":1,"49":1,"50":3,"51":1,"52":1,"53":1,"54":1,"55":2,"56":2,"57":1,"58":1,"59":1,"60":1,"61":1,"62":1,"63":1,"64":5,"65":5,"66":5,"67":0,"68":0,"69":1,"70":3,"71":3,"72":1,"73":2,"74":2,"75":2,"76":2,"77":1,"78":1,"79":1,"80":1,"81":1,"82":1,"83":1,"84":1,"85":0,"86":0,"87":1,"88":4,"89":4,"90":2,"91":2,"92":2,"93":2,"94":2,"95":1,"96":1,"97":1,"98":1,"99":1,"100":1,"101":1,"102":1,"103":1,"104":1,"105":1,"106":0,"107":0,"108":1,"109":5,"110":5,"111":1,"112":4,"113":4,"114":4,"115":1,"116":3,"117":3,"118":3,"119":1,"120":2,"121":2,"122":2,"123":2,"124":0,"125":0,"126":1,"127":0,"128":0,"129":0,"130":0,"131":0,"132":0,"133":0,"134":0,"135":0,"136":0,"137":0,"138":0,"139":0,"140":0,"141":0,"142":0,"143":0,"144":1,"145":0,"146":0,"147":0,"148":0,"149":0,"150":0,"151":0,"152":0,"153":0,"154":0,"155":0,"156":0,"157":0,"158":0,"159":0,"160":0,"161":0,"162":1,"163":0,"164":0,"165":0,"166":0,"167":0,"168":0,"169":0,"170":0,"171":0,"172":0,"173":0,"174":0,"175":0,"176":0,"177":1,"178":0,"179":0,"180":0,"181":0,"182":0,"183":0,"184":0,"185":0,"186":0,"187":0,"188":0,"189":0,"190":0,"191":0,"192":0,"193":1,"194":0,"195":0,"196":0,"197":0,"198":0,"199":0,"200":0,"201":0,"202":0,"203":0,"204":0,"205":0,"206":0,"207":0,"208":0,"209":0,"210":0,"211":0,"212":0,"213":0,"214":0,"215":1,"216":0,"217":0,"218":0,"219":0,"220":0,"221":0,"222":0,"223":0,"224":0,"225":0,"226":0,"227":0,"228":0,"229":0,"230":0,"231":1,"232":0,"233":0,"234":0,"235":0,"236":0,"237":0,"238":0,"239":0,"240":0,"241":0,"242":1,"243":0,"244":0,"245":0,"246":0,"247":0,"248":0,"249":0,"250":0,"251":0,"252":0,"253":0,"254":0,"255":0,"256":0,"257":0,"258":1,"259":0,"260":0,"261":0,"262":0,"263":0,"264":0,"265":0,"266":0,"267":0,"268":0,"269":0,"270":0,"271":0,"272":0,"273":0,"274":0,"275":0,"276":0,"277":0,"278":1,"279":0,"280":0,"281":0,"282":0,"283":0,"284":0,"285":0,"286":0,"287":0,"288":0,"289":0,"290":0,"291":0,"292":0,"293":1,"294":3,"295":3,"296":0,"297":3,"298":3,"299":3,"300":3,"301":1,"302":2,"303":2,"304":0,"305":0,"306":2,"307":2,"308":2,"309":1,"310":1,"311":1,"312":1,"313":1,"314":1,"315":1,"316":2,"317":2,"318":0,"319":0},"f":{"0":4,"1":6,"2":3,"3":4,"4":5,"5":0,"6":0,"7":0,"8":0,"9":0,"10":0,"11":0,"12":0,"13":0,"14":0,"15":0,"16":0,"17":3},"b":{"0":[1],"1":[4,3],"2":[2],"3":[0],"4":[6,6],"5":[1],"6":[1],"7":[1],"8":[4,4],"9":[1],"10":[3,3],"11":[1],"12":[5],"13":[1],"14":[3,2],"15":[1],"16":[1],"17":[2],"18":[4,3,3,2],"19":[1],"20":[2,1],"21":[0,1],"22":[1,1],"23":[1],"24":[1],"25":[5,4,4,4,4,4,4],"26":[1],"27":[4,3],"28":[0,3],"29":[3,3],"30":[1],"31":[3,3],"32":[0,3],"33":[3,3],"34":[0],"35":[0,0,0,0,0,0,0],"36":[0],"37":[0,0],"38":[0,0],"39":[0,0],"40":[0],"41":[0,0],"42":[0,0],"43":[0,0],"44":[0],"45":[0,0,0,0,0,0,0,0],"46":[0],"47":[0,0],"48":[0,0],"49":[0,0],"50":[0],"51":[0,0],"52":[0,0],"53":[0,0],"54":[0],"55":[0,0],"56":[0],"57":[0],"58":[0],"59":[0,0,0,0],"60":[0],"61":[0],"62":[0,0],"63":[0,0],"64":[0,0],"65":[0,0],"66":[0],"67":[0,0],"68":[0],"69":[0],"70":[0,0,0],"71":[0],"72":[0,0,0,0,0],"73":[0],"74":[0,0],"75":[0,0],"76":[0,0],"77":[0],"78":[0,0],"79":[0,0],"80":[0,0],"81":[0],"82":[0,0,0],"83":[0],"84":[0],"85":[0,0,0,0],"86":[0],"87":[0,0],"88":[0,0],"89":[0,0],"90":[0],"91":[0,0],"92":[0,0],"93":[0,0],"94":[0],"95":[0,0,0,0],"96":[0],"97":[0,0],"98":[0,0],"99":[0,0],"100":[0,0],"101":[0],"102":[0,0],"103":[0],"104":[0,0],"105":[0,0],"106":[0,0],"107":[0,0],"108":[0,0],"109":[0,0],"110":[0,0,0],"111":[0],"112":[3,3,3,3],"113":[1],"114":[0],"115":[1],"116":[2]}}
}
