TN:
SF:firebase.ts
FN:7,getAdminApp
FN:21,(anonymous_1)
FN:22,(anonymous_2)
FN:23,(anonymous_3)
FNF:4
FNH:2
FNDA:26,getAdminApp
FNDA:26,(anonymous_1)
FNDA:0,(anonymous_2)
FNDA:0,(anonymous_3)
DA:1,1
DA:2,1
DA:3,1
DA:4,1
DA:7,1
DA:8,26
DA:10,1
DA:11,1
DA:14,0
DA:17,26
DA:21,26
DA:22,1
DA:23,1
LF:13
LH:12
BRDA:8,0,0,1
BRDA:10,1,0,1
BRDA:10,1,1,0
BRDA:10,2,0,1
BRDA:10,2,1,0
BRDA:11,3,0,1
BRDA:11,3,1,0
BRF:7
BRH:4
end_of_record
TN:
SF:index.ts
FN:12,(anonymous_9)
FN:65,(anonymous_10)
FN:157,(anonymous_11)
FN:207,(anonymous_12)
FN:261,(anonymous_13)
FN:318,(anonymous_14)
FN:363,(anonymous_15)
FN:407,(anonymous_16)
FN:452,(anonymous_17)
FN:487,(anonymous_18)
FN:534,(anonymous_19)
FN:571,(anonymous_20)
FN:600,(anonymous_21)
FN:631,(anonymous_22)
FN:648,(anonymous_23)
FN:679,(anonymous_24)
FN:696,verifyPlaySubscription
FN:713,(anonymous_26)
FNF:18
FNH:6
FNDA:4,(anonymous_9)
FNDA:6,(anonymous_10)
FNDA:3,(anonymous_11)
FNDA:4,(anonymous_12)
FNDA:5,(anonymous_13)
FNDA:0,(anonymous_14)
FNDA:0,(anonymous_15)
FNDA:0,(anonymous_16)
FNDA:0,(anonymous_17)
FNDA:0,(anonymous_18)
FNDA:0,(anonymous_19)
FNDA:0,(anonymous_20)
FNDA:0,(anonymous_21)
FNDA:0,(anonymous_22)
FNDA:0,(anonymous_23)
FNDA:0,(anonymous_24)
FNDA:0,verifyPlaySubscription
FNDA:3,(anonymous_26)
DA:1,1
DA:2,1
DA:3,1
DA:4,1
DA:5,1
DA:6,1
DA:7,1
DA:12,1
DA:13,4
DA:15,4
DA:16,1
DA:22,3
DA:23,3
DA:25,3
DA:26,13
DA:27,13
DA:29,13
DA:30,13
DA:31,13
DA:32,2
DA:33,2
DA:34,2
DA:36,2
DA:42,2
DA:43,2
DA:46,0
DA:47,0
DA:55,1
DA:65,1
DA:66,6
DA:68,6
DA:69,0
DA:75,6
DA:77,6
DA:78,6
DA:80,6
DA:81,1
DA:82,1
DA:88,5
DA:89,5
DA:90,1
DA:91,1
DA:97,4
DA:98,4
DA:100,4
DA:101,1
DA:102,1
DA:103,1
DA:104,1
DA:110,3
DA:111,1
DA:112,1
DA:113,1
DA:114,1
DA:120,2
DA:122,2
DA:123,1
DA:124,1
DA:125,1
DA:126,1
DA:132,1
DA:133,1
DA:135,1
DA:138,5
DA:139,5
DA:140,5
DA:143,0
DA:144,0
DA:156,1
DA:158,3
DA:159,3
DA:160,1
DA:166,2
DA:168,2
DA:169,2
DA:170,2
DA:171,1
DA:177,1
DA:178,1
DA:180,1
DA:186,1
DA:187,1
DA:190,1
DA:191,1
DA:193,0
DA:194,0
DA:206,1
DA:208,4
DA:210,4
DA:211,2
DA:217,2
DA:219,2
DA:220,2
DA:221,2
DA:222,1
DA:228,1
DA:229,1
DA:230,1
DA:231,1
DA:233,1
DA:234,1
DA:240,1
DA:241,1
DA:244,1
DA:245,1
DA:247,0
DA:248,0
DA:260,1
DA:262,5
DA:264,5
DA:270,1
DA:276,4
DA:277,4
DA:278,4
DA:279,1
DA:285,3
DA:286,3
DA:287,3
DA:288,1
DA:294,2
DA:295,2
DA:300,2
DA:301,2
DA:304,0
DA:305,0
DA:317,1
DA:319,0
DA:321,0
DA:327,0
DA:333,0
DA:334,0
DA:335,0
DA:336,0
DA:339,0
DA:340,0
DA:341,0
DA:342,0
DA:345,0
DA:346,0
DA:350,0
DA:351,0
DA:353,0
DA:354,0
DA:362,1
DA:364,0
DA:365,0
DA:371,0
DA:377,0
DA:378,0
DA:379,0
DA:380,0
DA:383,0
DA:384,0
DA:385,0
DA:386,0
DA:389,0
DA:390,0
DA:394,0
DA:395,0
DA:397,0
DA:398,0
DA:406,1
DA:408,0
DA:410,0
DA:411,0
DA:417,0
DA:419,0
DA:420,0
DA:421,0
DA:422,0
DA:428,0
DA:432,0
DA:435,0
DA:436,0
DA:438,0
DA:439,0
DA:451,1
DA:453,0
DA:455,0
DA:456,0
DA:462,0
DA:464,0
DA:465,0
DA:466,0
DA:467,0
DA:470,0
DA:471,0
DA:472,0
DA:475,0
DA:476,0
DA:478,0
DA:479,0
DA:487,1
DA:488,0
DA:489,0
DA:490,0
DA:492,0
DA:493,0
DA:494,0
DA:497,0
DA:499,0
DA:500,0
DA:501,0
DA:504,0
DA:505,0
DA:506,0
DA:508,0
DA:509,0
DA:510,0
DA:517,0
DA:518,0
DA:522,0
DA:523,0
DA:525,0
DA:533,1
DA:535,0
DA:537,0
DA:538,0
DA:541,0
DA:542,0
DA:543,0
DA:544,0
DA:547,0
DA:548,0
DA:549,0
DA:550,0
DA:553,0
DA:554,0
DA:562,0
DA:563,0
DA:570,1
DA:572,0
DA:574,0
DA:575,0
DA:578,0
DA:580,0
DA:581,0
DA:582,0
DA:585,0
DA:591,0
DA:592,0
DA:599,1
DA:601,0
DA:603,0
DA:604,0
DA:607,0
DA:608,0
DA:609,0
DA:610,0
DA:613,0
DA:614,0
DA:615,0
DA:616,0
DA:619,0
DA:620,0
DA:622,0
DA:623,0
DA:630,1
DA:632,0
DA:634,0
DA:635,0
DA:638,0
DA:639,0
DA:640,0
DA:641,0
DA:644,0
DA:649,0
DA:650,0
DA:653,0
DA:654,0
DA:655,0
DA:656,0
DA:658,0
DA:666,0
DA:667,0
DA:669,0
DA:670,0
DA:678,1
DA:680,0
DA:681,0
DA:682,0
DA:685,0
DA:686,0
DA:687,0
DA:688,0
DA:691,0
DA:692,0
DA:697,0
DA:700,0
DA:701,0
DA:704,0
DA:705,0
DA:712,1
DA:714,3
DA:716,3
DA:717,0
DA:723,3
DA:725,3
DA:726,3
DA:728,3
DA:729,1
DA:732,2
DA:733,2
DA:734,0
DA:735,0
DA:738,2
DA:739,2
DA:740,2
DA:741,1
DA:742,1
DA:745,1
DA:746,1
DA:752,1
DA:754,1
DA:756,1
DA:759,2
DA:760,2
DA:762,0
DA:763,0
LF:319
LH:146
BRDA:15,0,0,1
BRDA:15,1,0,4
BRDA:15,1,1,3
BRDA:31,2,0,2
BRDA:68,3,0,0
BRDA:68,4,0,6
BRDA:68,4,1,6
BRDA:80,5,0,1
BRDA:89,6,0,1
BRDA:100,7,0,1
BRDA:100,8,0,4
BRDA:100,8,1,4
BRDA:110,9,0,1
BRDA:110,10,0,3
BRDA:110,10,1,3
BRDA:122,11,0,1
BRDA:138,12,0,5
BRDA:159,13,0,1
BRDA:159,14,0,3
BRDA:159,14,1,2
BRDA:170,15,0,1
BRDA:190,16,0,1
BRDA:210,17,0,2
BRDA:210,18,0,4
BRDA:210,18,1,3
BRDA:210,18,2,3
BRDA:210,18,3,2
BRDA:221,19,0,1
BRDA:221,20,0,2
BRDA:221,20,1,1
BRDA:221,21,0,0
BRDA:221,21,1,1
BRDA:221,22,0,1
BRDA:221,22,1,1
BRDA:244,23,0,1
BRDA:264,24,0,1
BRDA:265,25,0,5
BRDA:265,25,1,4
BRDA:265,25,2,4
BRDA:265,25,3,4
BRDA:265,25,4,4
BRDA:265,25,5,4
BRDA:265,25,6,4
BRDA:278,26,0,1
BRDA:278,27,0,4
BRDA:278,27,1,3
BRDA:278,28,0,0
BRDA:278,28,1,3
BRDA:278,29,0,3
BRDA:278,29,1,3
BRDA:287,30,0,1
BRDA:287,31,0,3
BRDA:287,31,1,3
BRDA:287,32,0,0
BRDA:287,32,1,3
BRDA:287,33,0,3
BRDA:287,33,1,3
BRDA:321,34,0,0
BRDA:322,35,0,0
BRDA:322,35,1,0
BRDA:322,35,2,0
BRDA:322,35,3,0
BRDA:322,35,4,0
BRDA:322,35,5,0
BRDA:322,35,6,0
BRDA:335,36,0,0
BRDA:335,37,0,0
BRDA:335,37,1,0
BRDA:335,38,0,0
BRDA:335,38,1,0
BRDA:335,39,0,0
BRDA:335,39,1,0
BRDA:341,40,0,0
BRDA:341,41,0,0
BRDA:341,41,1,0
BRDA:341,42,0,0
BRDA:341,42,1,0
BRDA:341,43,0,0
BRDA:341,43,1,0
BRDA:365,44,0,0
BRDA:366,45,0,0
BRDA:366,45,1,0
BRDA:366,45,2,0
BRDA:366,45,3,0
BRDA:366,45,4,0
BRDA:366,45,5,0
BRDA:366,45,6,0
BRDA:366,45,7,0
BRDA:379,46,0,0
BRDA:379,47,0,0
BRDA:379,47,1,0
BRDA:379,48,0,0
BRDA:379,48,1,0
BRDA:379,49,0,0
BRDA:379,49,1,0
BRDA:385,50,0,0
BRDA:385,51,0,0
BRDA:385,51,1,0
BRDA:385,52,0,0
BRDA:385,52,1,0
BRDA:385,53,0,0
BRDA:385,53,1,0
BRDA:410,54,0,0
BRDA:410,55,0,0
BRDA:410,55,1,0
BRDA:421,56,0,0
BRDA:435,57,0,0
BRDA:455,58,0,0
BRDA:455,59,0,0
BRDA:455,59,1,0
BRDA:455,59,2,0
BRDA:455,59,3,0
BRDA:466,60,0,0
BRDA:475,61,0,0
BRDA:489,62,0,0
BRDA:489,62,1,0
BRDA:489,63,0,0
BRDA:489,63,1,0
BRDA:490,64,0,0
BRDA:490,64,1,0
BRDA:490,65,0,0
BRDA:490,65,1,0
BRDA:492,66,0,0
BRDA:492,67,0,0
BRDA:492,67,1,0
BRDA:499,68,0,0
BRDA:508,69,0,0
BRDA:508,70,0,0
BRDA:508,70,1,0
BRDA:508,70,2,0
BRDA:537,71,0,0
BRDA:537,72,0,0
BRDA:537,72,1,0
BRDA:537,72,2,0
BRDA:537,72,3,0
BRDA:537,72,4,0
BRDA:543,73,0,0
BRDA:543,74,0,0
BRDA:543,74,1,0
BRDA:543,75,0,0
BRDA:543,75,1,0
BRDA:543,76,0,0
BRDA:543,76,1,0
BRDA:549,77,0,0
BRDA:549,78,0,0
BRDA:549,78,1,0
BRDA:549,79,0,0
BRDA:549,79,1,0
BRDA:549,80,0,0
BRDA:549,80,1,0
BRDA:574,81,0,0
BRDA:574,82,0,0
BRDA:574,82,1,0
BRDA:574,82,2,0
BRDA:581,83,0,0
BRDA:603,84,0,0
BRDA:603,85,0,0
BRDA:603,85,1,0
BRDA:603,85,2,0
BRDA:603,85,3,0
BRDA:609,86,0,0
BRDA:609,87,0,0
BRDA:609,87,1,0
BRDA:609,88,0,0
BRDA:609,88,1,0
BRDA:609,89,0,0
BRDA:609,89,1,0
BRDA:615,90,0,0
BRDA:615,91,0,0
BRDA:615,91,1,0
BRDA:615,92,0,0
BRDA:615,92,1,0
BRDA:615,93,0,0
BRDA:615,93,1,0
BRDA:634,94,0,0
BRDA:634,95,0,0
BRDA:634,95,1,0
BRDA:634,95,2,0
BRDA:634,95,3,0
BRDA:640,96,0,0
BRDA:640,97,0,0
BRDA:640,97,1,0
BRDA:640,98,0,0
BRDA:640,98,1,0
BRDA:640,99,0,0
BRDA:640,99,1,0
BRDA:653,100,0,0
BRDA:653,100,1,0
BRDA:681,101,0,0
BRDA:681,102,0,0
BRDA:681,102,1,0
BRDA:687,103,0,0
BRDA:687,104,0,0
BRDA:687,104,1,0
BRDA:687,105,0,0
BRDA:687,105,1,0
BRDA:687,106,0,0
BRDA:687,106,1,0
BRDA:691,107,0,0
BRDA:691,107,1,0
BRDA:691,108,0,0
BRDA:691,108,1,0
BRDA:691,109,0,0
BRDA:691,109,1,0
BRDA:705,110,0,0
BRDA:705,110,1,0
BRDA:705,110,2,0
BRDA:716,111,0,0
BRDA:716,112,0,3
BRDA:716,112,1,3
BRDA:716,112,2,3
BRDA:716,112,3,3
BRDA:728,113,0,1
BRDA:733,114,0,0
BRDA:740,115,0,1
BRDA:759,116,0,2
BRF:216
BRH:60
end_of_record
